2024-09-10 [06:02:15.429] [Server thread/INFO]: Loading server configuration
2024-09-10 [06:02:15.441] [Server thread/INFO]: Выбран Русский (rus) как основной язык
2024-09-10 [06:02:15.441] [Server thread/EMERGENCY]: Вы запускаете РАЗРАБАТЫВАЕМУЮ сборку PocketMine-MP-NG unofficial by MPE, но ваша конфигурация не позволяет запускать такие сборки.
2024-09-10 [06:02:15.441] [Server thread/EMERGENCY]: Разрабатываемые сборки могут содержать неожиданные ошибки, сбои, ломание ваших плагинов, повреждение всех ваших данных и многое другое.
2024-09-10 [06:02:15.441] [Server thread/EMERGENCY]: Если вы не разработчик и не знаете, что делаете, пожалуйста, ИЗБЕГАЙТЕ использования тестовых сборок.
2024-09-10 [06:02:15.441] [Server thread/EMERGENCY]: Чтобы использовать эту сборку, установите "settings.enable-dev-builds" на "true" в pocketmine.yml.
2024-09-10 [06:02:15.441] [Server thread/EMERGENCY]: Чтобы загрузить стабильную сборку, посетите https://github.com/pmmp/PocketMine-MP/releases.
2024-09-10 [06:02:15.441] [Server thread/EMERGENCY]: Принудительное выключение сервера
2024-09-10 [06:02:27.542] [Server thread/INFO]: Loading server configuration
2024-09-10 [06:02:27.554] [Server thread/INFO]: Выбран Русский (rus) как основной язык
2024-09-10 [06:02:27.554] [Server thread/WARNING]: ----------------------------------------
2024-09-10 [06:02:27.554] [Server thread/WARNING]: Вы запускаете РАЗРАБАТЫВАЕМУЮ сборку PocketMine-MP-NG unofficial by MPE.
2024-09-10 [06:02:27.554] [Server thread/WARNING]: API для этой версии может быть не завершен. Плагины, которые запускаются в этой сборке, могут не работать на других сборках с той же версией API.
2024-09-10 [06:02:27.554] [Server thread/WARNING]: Эта сборка может содержать ошибки, сбои, а также повредить ваши данные или сломать ваши плагины.
2024-09-10 [06:02:27.554] [Server thread/WARNING]: ----------------------------------------
2024-09-10 [06:02:27.556] [Server thread/INFO]: Запускается сервер для Minecraft: Bedrock Edition версии v1.21.20
2024-09-10 [06:02:27.558] [Server thread/INFO]: Онлайн режим включен. Сервер проверяет, чтобы игроки прошли авторизацию в Xbox Live.
2024-09-10 [06:02:27.568] [Server thread/INFO]: Этот сервер работает под управлением PocketMine-MP-NG unofficial by MPE версии 5.18.1+dev
2024-09-10 [06:02:27.568] [Server thread/INFO]: PocketMine-MP-NG unofficial by MPE распространяется под LGPL лицензией
2024-09-10 [06:02:27.978] [Server thread/INFO]: Loading resource packs...
2024-09-10 [06:02:27.986] [Server thread/INFO]: Загрузка DevTools v1.17.1+dev
2024-09-10 [06:02:27.989] [Server thread/INFO]: [DevTools] Registered folder plugin loader
2024-09-10 [06:02:27.989] [Server thread/INFO]: Включение DevTools v1.17.1+dev
2024-09-10 [06:02:28.115] [Server thread/INFO]: Подготовка мира "world"
2024-09-10 [06:02:28.133] [Server thread/NOTICE]: Генерируется территория точки появления для мира "world"
2024-09-10 [06:02:28.639] [Server thread/INFO]: Сетевой интерфейс Minecraft работает на 0.0.0.0:19132
2024-09-10 [06:02:28.639] [Server thread/INFO]: GS4 Query слушатель работает на 0.0.0.0:19132
2024-09-10 [06:02:28.639] [Server thread/INFO]: Игровой режим по умолчанию: Режим выживания
2024-09-10 [06:02:28.640] [Server thread/INFO]: Если вы считаете этот проект полезным, рассмотрите возможность пожертвования на поддержку развития: https://patreon.com/pocketminemp
2024-09-10 [06:02:28.640] [Server thread/INFO]: Загружено (1.099 сек.)! Для справки, введите "help" или "?"
2024-09-10 [06:02:28.686] [Server thread/INFO]: [World: world] Генерация территории спавна: 1 / 224 (0%)
2024-09-10 [06:02:28.827] [Server thread/INFO]: [World: world] Генерация территории спавна: 23 / 224 (10%)
2024-09-10 [06:02:28.889] [Server thread/INFO]: [World: world] Генерация территории спавна: 45 / 224 (20%)
2024-09-10 [06:02:28.913] [Server thread/INFO]: [World: world] Генерация территории спавна: 68 / 224 (30%)
2024-09-10 [06:02:28.935] [Server thread/INFO]: [World: world] Генерация территории спавна: 90 / 224 (40%)
2024-09-10 [06:02:28.952] [Server thread/INFO]: [World: world] Генерация территории спавна: 112 / 224 (50%)
2024-09-10 [06:02:28.972] [Server thread/INFO]: [World: world] Генерация территории спавна: 135 / 224 (60%)
2024-09-10 [06:02:28.989] [Server thread/INFO]: [World: world] Генерация территории спавна: 157 / 224 (70%)
2024-09-10 [06:02:29.005] [Server thread/INFO]: [World: world] Генерация территории спавна: 180 / 224 (80%)
2024-09-10 [06:02:29.248] [Server thread/INFO]: [World: world] Генерация территории спавна: 202 / 224 (90%)
2024-09-10 [06:02:29.258] [Server thread/INFO]: [World: world] Генерация территории спавна: 224 / 224 (100%)
2024-09-10 [06:03:26.182] [Server thread/INFO]: Received signal interrupt, stopping the server
2024-09-10 [06:03:26.183] [Server thread/INFO]: Выключение DevTools v1.17.1+dev
2024-09-10 [06:03:26.184] [Server thread/INFO]: Выгрузка мира "world"
2024-09-10 [06:03:26.343] [Server thread/INFO]: Stopping other threads
