PocketMine-MP-NG unofficial by MPE Crash Dump Tue Sep 10 08:32:05 UTC 2024

PocketMine-MP-NG unofficial by MPE version: 5.18.1+dev [Protocol 712]
Git commit: 5bb287048b53930d7bfc08f583db55e1c5bb2e01-dirty
PHP version: 8.2.17
OS: Linux, linux

THIS CRASH WAS CAUSED BY A PLUGIN
BAD PLUGIN: MPEBanSystem

Thread: Main
Error: PDO::__construct(file:////home/xackigiff/MPE/DevSpace/plugin_data/MPEBanSystem/userdata.db): Failed to open stream: No such file or directory
File: plugins/MPEBanSystem/src/provider/SQLite3Provider
Line: 35
Type: ErrorException
Backtrace:
#0 (): pocketmine\errorhandler\ErrorToExceptionHandler::handle(int 2, string[141] PDO::__construct(file:////home/xackigiff/MPE/DevSpace/plugin_data/MPEBanSystem/u, string[82] /home/xackigiff/MPE/DevSpace/plugins/MPEBanSystem/src/provider/SQLite3Provider.p, int 35)
#1 plugins/MPEBanSystem/src/provider/SQLite3Provider(35): PDO->__construct(string[77] uri:file:////home/xackigiff/MPE/DevSpace/plugin_data/MPEBanSystem/userdata.db, null, object SensitiveParameterValue#62081, array[2])
#2 plugins/MPEBanSystem/src/provider/Provider(37): XackiGiFF\MPEBanSystem\provider\SQLite3Provider->__construct(string[54] /home/xackigiff/MPE/DevSpace/plugin_data/MPEBanSystem/)
#3 plugins/MPEBanSystem/src/MPEBanSystem(24): XackiGiFF\MPEBanSystem\provider\Provider::initProvider(string[54] /home/xackigiff/MPE/DevSpace/plugin_data/MPEBanSystem/, string[7] sqlite3)
#4 pmsrc/src/plugin/PluginBase(119): XackiGiFF\MPEBanSystem\MPEBanSystem->onEnable()
#5 pmsrc/src/plugin/PluginManager(454): pocketmine\plugin\PluginBase->onEnableStateChange(true)
#6 pmsrc/src/Server(1448): pocketmine\plugin\PluginManager->enablePlugin(object XackiGiFF\MPEBanSystem\MPEBanSystem#50931)
#7 pmsrc/src/Server(1079): pocketmine\Server->enablePlugins(object pocketmine\plugin\PluginEnableOrder#50914)
#8 pmsrc/src/PocketMine(355): pocketmine\Server->__construct(object pocketmine\thread\ThreadSafeClassLoader#2, object pocketmine\utils\MainLogger#6, string[29] /home/xackigiff/MPE/DevSpace/, string[37] /home/xackigiff/MPE/DevSpace/plugins/)
#9 pmsrc/src/PocketMine(378): pocketmine\server()
#10 /home/xackigiff/MPE/DevSpace/PocketMine-MP.phar(168): require(string[72] phar:///tmp/PocketMine-MP-phar-cache.0/PMMPUu1Y8S.tar/src/PocketMine.php)

Code:
[26]         $databaseFilePath = $path . $dsn;
[27] 
[28]         $options = [
[29]             PDO::ATTR_ERRMODE => PDO::ERRMODE_EXCEPTION,
[30]             PDO::SQLITE_ATTR_OPEN_FLAGS => PDO::SQLITE_OPEN_READWRITE | PDO::SQLITE_OPEN_CREATE,
[31]         ];
[32] 
[33]         try {
[34]             $logger->alert($databaseFilePath);
[35]             self::$DB = new PDO("uri:file:///" . $databaseFilePath, null, null, $options);
[36]             $logger->alert("SQLite3 database connected/created successfully at " . $databaseFilePath);
[37]         }
[38]         catch(PDOException $e) {
[39]             $logger->critical("Ошибка с хранением базы данных! Причина: " . $e->getMessage());
[40]         }
[41] 
[42]         $this->type = "sqlite3";
[43]         self::$instance = $this;
[44]         parent::__construct();
[45]     }

Loaded plugins:
DevTools 1.17.1+dev by PocketMine Team for API(s) 5.0.0
MPEBanSystem 0.0.1 by  for API(s) 5.18.1

uname -a: Linux xackigiff-TUF-GAMING-FX504GM-FX80GM 6.8.0-41-generic #41-Ubuntu SMP PREEMPT_DYNAMIC Fri Aug  2 20:41:06 UTC 2024 x86_64
Zend version: 4.2.17
Composer libraries: 
- adhocore/json-comment 1.2.1@651023f9fe52e9efa2198cbaf6e481d1968e2377
- brick/math 0.12.1@f510c0a40911935b77b86859eb5223d58d660df1
- daverandom/callback-validator unknown@unknown
- nethergamesmc/bedrock-data dev-master@be507143e0ba406a6965c91631f496d77d687f7a
- nethergamesmc/bedrock-protocol dev-master@cea5a535189c38cd6b3a74c8559f33118f21ced5
- nethergamesmc/pocketmine-mp dev-master@5bb287048b53930d7bfc08f583db55e1c5bb2e01
- netresearch/jsonmapper unknown@unknown
- pocketmine/bedrock-block-upgrade-schema 4.3.0@53d3a41c37ce90d58b33130cdadad08e442d7c47
- pocketmine/bedrock-item-upgrade-schema 1.11.0@35c18d093fc2b12da8737b2edb2c3ad6a14a53dd
- pocketmine/binaryutils 0.2.6@ccfc1899b859d45814ea3592e20ebec4cb731c84
- pocketmine/callback-validator 1.0.3@64787469766bcaa7e5885242e85c23c25e8c55a2
- pocketmine/color 0.3.1@a0421f1e9e0b0c619300fb92d593283378f6a5e1
- pocketmine/errorhandler 0.7.0@cae94884368a74ece5294b9ff7fef18732dcd921
- pocketmine/locale-data 2.19.6@93e473e20e7f4515ecf45c5ef0f9155b9247a86e
- pocketmine/log 0.4.0@e6c912c0f9055c81d23108ec2d179b96f404c043
- pocketmine/math 1.0.0@dc132d93595b32e9f210d78b3c8d43c662a5edbf
- pocketmine/nbt 1.0.0@20540271cb59e04672cb163dca73366f207974f1
- pocketmine/netresearch-jsonmapper v4.4.999@9a6610033d56e358e86a3e4fd5f87063c7318833
- pocketmine/raklib 1.1.1@be2783be516bf6e2872ff5c81fb9048596617b97
- pocketmine/raklib-ipc 1.0.1@ce632ef2c6743e71eddb5dc329c49af6555f90bc
- pocketmine/snooze 0.5.0@a86d9ee60ce44755d166d3c7ba4b8b8be8360915
- ramsey/collection 2.0.0@a4b48764bfbb8f3a6a4d1aeb1a35bb5e9ecac4a5
- ramsey/uuid 4.7.6@91039bc1faa45ba123c4328958e620d382ec7088
- rhumsaa/uuid unknown@unknown
- symfony/filesystem v6.4.9@b51ef8059159330b74a4d52f68e671033c0fe463
- symfony/polyfill-ctype v1.30.0@0424dff1c58f028c451efff2045f5d92410bd540
- symfony/polyfill-mbstring v1.30.0@fd22ab50000ef01661e2a31d850ebaa297f8e03c

----------------------REPORT THE DATA BELOW THIS LINE-----------------------

===BEGIN CRASH DUMP===
eNrtXHtz28Z2/yp7ac9EakkKbz7uKGNHkn09tSzVkpvcCT3OAliQiECAFw9JvLf57v2dswsQpOQ0
bfNH24kzIxKL3bPn/dpl/jFIinIt6y/3qqzSIh/MveGgTtdqMLcnjj/zJ7bjj21rNgkmw0Gz0a+s
ceBblu9YEyuw8cafDgeZrOqLsizKwfwfg3q7wbQBP188RgrrAHs4WKuqkkt6dX1+NZ9/+RIVeVWX
TVQfJWmm5if4tyrW6uRRRnfpMk2Sk8vri5NzdX+zkZE62WTNMs2/xLKW9OI7md9sq1qtT5pKlTQ6
jsPjuXgjASwWdSGKjcoFdlByPRcfClE10UrQVqIoRZyWKqqLcgvMkibL3mAcqP0GDKr93asyOtmU
xX0aq/Lk5l/fp7Vyr83zeLPaEHwN+7+8HEuzNMdS14dgSqAwmP84eGGJI9C5KaI7Va/xfrFQxOuV
zONMlYsFc/626Hj/F/1iPtczjtK8Fs6QOJPmyx9tz/4sfm+JdNCnzmfxe/N0KIgC1z8Gf17Y4r8M
4QhL50Ty6Ns+yQbjyeSzaMp0/rvp5FDk0K+hKMKfoXHiRuVVWqf36lqWcq1qVf6bzBr1InCsqT0U
sizl9kfnMxPn/AbidlRNQNUPhOfb9M2bxaK/ZLFo5y8WB9x4lgm+95vE9gzhjLf7dbz7A0eO99tQ
bnGdz9M8rTuK/8fIdmoKmVd/y4gtjL8nNmtClhnNi0+u+eM7Wakj2579Gtr9p9G3RX6RyxBWx4D9
rwG+lDl8Y3nk+d6Bbetp4EGHwA7oTS1rdQazXqojyE/xHkFvjxtVwrkf2Z43/VWwZvvRt4rh6sEj
o7G/idIXvjVzbUZg8gwC1mR2gIB+s79j1W75dUw14Vcl5E9b2h5vOe1tec1rL7EWhu5/Zde+zj+z
Z71C1IgXi1v+vJGJOkOMq94XkvZ1OmPur2nqNKvAFJnm74sluPki6PTLmf0nKtrNdCe/0WEy3bOv
0D05FHel5aBdpvXrO+wAjS6vEcIk5BcQwFL9rUHY7DwlfDu9JS9Zrzf760b0ZhTJaKXG1sn15eX1
p8b+6/RmXMvyAF2KkseDzwhxzG1ESuLh4JfhQP0fzil+l5h/yJD9gaEB/yXN74vsXq1VXuOdRqN7
S7N7u2M8KmJFXHUCvBPm30siN4R7oUzoWtYrcSpebuhzjHdV/mcsdCZYQJ/T/sKCpVFh/o/0btZ7
R/9YMq9vbz9+ufj48fLq/EKcfqsHzfOXix/OLq5v3119GGK9az23Hlx6d3vxhcFcXV98+PLm/eu3
Nx0k85rffLx4ff79RzyKf3/68gxvby94H7u3z2eiznU0da7be1OXW/EPGvQO0HqZsZGPvpXIreqj
J+w7ZpD+wapKZcl8/vL8O3ArVw+E4NFi0M83FgNm+AG0NonQf1uW6z2CX8dsMTAqJlqgAlaSQ0VU
fBJBn/BJehzBligT3gpZi+ex0PtNevv9QgN9bYhkHa2OQFZnpuKlOtYsnH0N0ahERhTJDLguGsuz
Ff31pvTX1X9t/iv5ryX4ta0/fP5r6Tf8N+a/fu/7tDcSiR5AvWDCIEL9wnsCKdav9W5/4ll20tuV
oXuT3k56nTU3bETEXsLVaV91dMxc9KwDLnq21j7P6dtWvUqr0bfk/qAwi4FJUhYDBtHXU6NY8DW1
zCOazWt5Xl91N7KEl9h3lRqhVlV/YUfzR7XxR7XxR7XxR7XxR7XxR7Xx/7PaMKRRIgxkbosi4++5
pC7nbmg46NqjA3tsT8b2P8fqHsOyqVdFWVGQ3EEXt6gMCLrcpPTGH1tji5614iF1J8sZDmKFQiKm
xXhXFUl93h9YS07bWxwWix42WcEFwM3t64+3n64x8KBCuHjCeVXXmwr8Wab1qgnHUbHu0X3SwUB4
3ysIdkQf1Ak7wkHE2N6juU+iPcXL/yaNv8ncd2RfX93cfn/18f35HuGDX0DTpo1wLJLxM4rFOD7W
FBILLfizoqT107EDyQIknPbec5aGj+usP0IFYFXtDW2ifSDGt/eH/g5A/WeOu7EKmyUz14GODAdh
tEaO3Z+GlBgMA+L9sVWT37H1O7zWHfs0Wm43dWEGHBowJfNuXVPuYR0XkPzAsSzXtlGzDQc/Vyzq
bgKlJGmeFAdjYPDeSL3pPy7jvaf13suVrPbIo1QV1O0tubl+vycAda+yODSEWVoksUoyLShiHenl
OtReor90XZS1UV6bWbLeQjI57Wa+id1cGkj3hZrXe/xKl2GaS9T284FLY8R1laOU1tu26CHR2wMT
F18Y+OGgVpL+6PVqX9AV62+1t3C93nQtgABk0Y6bokof+7NKcJWFuxtRkD4p/bLR7LbM2o/gJCJL
ui/5arUu9gR3k643mfrhck80dXGn8vTv++pwYC14JGyfzHlAwXcw+Gi0o7WGrWRQDh5dsqB0ww7Y
gQ8mD/ZzWn9Zcx+D890BvLpRVtI7latSZj3Pth8tPrwVTV4kSRqlMhPhVsDZkAEi3dkdhrWODeNN
moFrFpSg+kLO3zg4pIx1ERXYZ2I72DWl7osfhs50YnnT0HdnrhVPwiSypok/dePQ95Ud0QRl2aM4
LWvqFDUGxfdp3jyKLkqObj+9Gb19ffnuw9vRmx98y3t7ic+p9fZSBOPp2Bp59ojpTCPxAt8/hU1e
N+Lm8lpcf7y4uLy+/XL+1w9YfybelKl43SyFcIRjzT17bgXi0+0ZHhxPPE6DL4E3YA7uuSzFpuJ1
urfafCmqFk/yhPSQmQfEGuihKr/APEtZpordq4xX4E+pTsi3jDDHdKhsAvoq8G3LcZNZonxHzVQi
HXs2jUKZBMqb2rE9C6bKcSe0eQgq706Me4Ty0vIEyyNLekjL7Jnrh5NJOA2m/kyFvuO4sT+Ng8CK
E5vdOqTKVnECl5qF4PHoXmYp3D31FyGCu7x4yF+ZT6zIVb1S5RKSqdbRSajiEgo0opyeGmzqfrSW
CEzlq1D51sT2XGWFwCSQwSzwo5kduHbizYJ4MomD6SSZyK+C3OlQH2ykpC9917ens8idRnEQunLi
RVPfnyUuHPY0cexIxf4TsLssbMS+twfztyqmhlmqSskyWrHo1nKzUc8zardhR1KY0d9msyxh+aMK
OdlasibBQ77y3diVnh25k0jNLEgpBD2uFcUS/1lT5XlOPIm8yfOgU6pynkCGS4A7e+X6kT2NURgk
kRPaTiynE3cCkuLQiVwZB9L2wNM4PgDNXp0DqvE+wasoSgBqNguhTrHnT21PSdefOcqxVKgiLwon
rh1NvX1Iz6oWEBu7rwJvMp14wWwSBGEk5UT506nveI6a+pHjRo6vppHvS+cAYJExDIot9itpeY6d
2LAUK7SiADpvWUk4c2J/5jpTF1l4EkjIcR9Gv1nDoCbgVCTVzJtOPTeYQq1UBAOceeEsSSaJSmyw
zYmjeOYcgIJYkY+0RgATnIFVM1d5E5cYM0k83/ZVhI/IV4mVzGzfB37eRE4DdQhKx0wPyKgABuNE
mG/5fgTDd1wbihA5sT2ZhbMg8Swvsjx3H4LxBcRe61Uc2UAZTmDmhy58CawD+g3Viqax50ZB4IAx
cZjsg8jDuoPgWL5nORM7CuFALC+YOFEIK44jOXHdIEgclJQTLzngSM9ORnt2cu+BtNls9momg8BG
jgV/FCjXn6ppIMGxJPYT2GLgRlCkKYS3D7eUdzphhGZD8qFyJlMXrsYOQjhHWLGTJMQqiB/27M+w
xyScTZ4DMko3kaHShlsJwJ7EiYIJXNbEVjFMP45cZxZ5M/hd3/chhTDaB1TlRfF3nW2hnHkFacYz
pQIrgrFOfD+2gyAGIXCA4RT/qakbwCf7nImsK7UlPd5lGQ7zG3O96STwwiQMp4krA+nFtlShDTsL
Qx9KjmIO5roD0jSpjkcT0jrbcmdhZCdSen4obdiQByOYgcGBY8Xu1FHRxJpOafmqWVdStuuferBq
u06KfHtC+W5lKqLBfUACfBX6tkqmlg9yZq5rhRMPePpOgsgUTICDC7VVXuD2wGyKbAtQ2ajNwO/t
sUskw3y9OEngZ6eJ5Uwjj2An0CzPT3xYm2dbYQwtfA5WL79twSWx48jQt/APxgYZ2MqRrh1Pffgo
KZ3ZJJkqy410bdRJc7zltOqFoM4BHQQk6bIpJTfq+RwrKUqxly0t8hfidgU1F5WqayBRCVkqgagj
ilxV+CJrEck8L2oRKpHmUdbEKsYXofsAY8Q4mEWNpIBg3RRrrEwIwCHMSiZqKAoKaBWBFCGyxzux
LZrSwBJpIpD2pUnKOyC5oLOubEuAP6iHDtwJagTZZHUlHor8m1qQYcpSoH4t4DnorCHbEobUI9d0
P6xULnRoAYDxIl/kLbD5IhfixfcrjrR0ClghNxIAYdoo4AGyiyrjkxR+zahqf0kHg5mqmV+Ixmmk
hHbHNLImyOB4pEaZpOx8qeYikVml6EW1auoYSjoyx5x0nqBbSiLKkG3FiwFj9jrLigeRpRVh2zZD
xX0qxb82qtzSnL/Rl5F5NReUv/JS3eAyawTwEpSvCUgMTCFoSI4NK2m+rvBH3esesi++h6JCI+j8
KI4F/KJmP7EVDL8TayWrpuRDSgGmh4qQBnPU3xok4WDbMr3H3HvqT4sjsyly1GOCrndUo1JtUNaN
wHbqec3xmvf+0KxDcAVa9bra5tGtrO4g+PIOejTmCZ/ALVbtllKatiqLvGggPUyvhrQgi4WuHcge
hoKyWhBC9QDz5kGFNLZucmgQTdHAb1i8oAlaVhaPKTRMgQ0giTU375Aj3hqE3iWkqzSHdHIo0vob
sI9OGzEUq5r6faQyB4vFEWhoYDcOs4XJGBlK5wzqUFclK0fZ5DmJM6Z6utiwELisqcbiXN2b72Kd
Llcw5hKl2LBvfEZxiCNl2WxqPaoZRoxBra0MXSxcGCUn+7E2CHlfpDHQfh4D0hHSuQKMhnaNe4pG
6aue1OrsIl8r7LbVNvk2K0IoDzWXhB6HGazTmkx7rZYy3NZguLjRnLaYt2lFoHn5LQntIWXGs0LB
Zh9GGlCrYxUTmKTAEA4JyOcMKymVarfUOg5hNWSlYllATgVZKSkFbbRkNEeM2lxYRAV2Zw+sy/n/
9RRQt+7X8F/JMv6f4V/VxYZRMN6zQ8mAqwS8x0ZW5PZahGjXFivUkp5BjH3A92wUBr/qm98BQzYL
Rokchoiako5SYejqUUUN+95Co6wNkmJVN1s9RkrF1Y4i7beubi/m4vYv727E+3eX727F6+vr9+8u
bsT1xUfx/dXHf7n4OBSYJG6vMOtCfP+Xq/cXqO+vzi5ubsaHHmCPH44fGHZcqzItOB6TH66IQFRO
7JGZG52vtcF7ZAQxuxaeMoInVNrLMqizIged8M/QJqL3a8qmlexhxRdjcppmNmPIGgg8786Pt8aN
Pa4ohFCY5wXjp7NJF0yrGWLbqIiyAc1ZQlfLVa/taIB6qU21I9W1DK3V8fMoGcpdQ/lSliEsY7RL
ZdkBPc9dNjVCx6wSZhVc91rmDecefUyQlzXQweNhGxIOlbBVQx1dkwSwNL3rnQmOxZV2+VrhkTwU
TRZ3uKSIIQ+52OFfacAbRh+EBkgkNa3Y7Q07iycxklVHQ+hoS8pi3cZavdrMGPVVsy9hosZI8olu
iGdUak87btp8kURWYidSQ6PIcbPe6ORKZ3DCvBjRi1Ze5zTJLGDcGc2WAjwhysPY5TMMRsxG3MMO
91CyqmoUOYZ6Bakt22STnBbttsNq2ApSpwgmpxxrbGjqV/m0lo8j7vZXLe5nckOj6bpZI8QiutKd
M3PhA4JEmJbb1nXu+Er2YljJFvNUx5BrbwxGvOGIkuAGMdfrJHZe6FeHOk2pEXk9DV9Pbk1IwzIT
+5Rx4qCP6zrazoEKpyrIHol7wE7nFxrKRlJJIvQaTeGOOiwz/NT0tDvT5F2ySwzMqAowcH8d1K/p
4SJH5U8Cm5sQgcxsVWQ6wwzpBhQn4oxyRRdIhAky7Nt04WPe6tASqi7X1OHtRV9K7Styq+W2JuBD
MbJ7AmTh8cajukXGhAD22rs0lg9UKIOMNeVUynCeT4sxaNAai78gFYQunXJuJ86uPw2xFjiEsK+H
NIbac66gvWcHf8Tw5yJos+5dQl4xd/opddxwEOnsjJqYQIhfwtpyupyGR0GFVR7BksIGSZLcQvfj
JtozTkHng7t42NulX6LsC0obfm/qE0m1MspkuWTXKk3F+FRoe94yY18GV6NIRrya06kVYdovUoZP
kYASUsEK7QKLkaUovljFCGtABqlnie1L37bYo1OR90henjJumY0FCeXTdX7d1h67ephKK9roAWkE
LWw2+WZkng+KvUvjhar076rjGpHWsqyiBMCkkKhitLn0Ug1v5uhFx2Nx/Z+wmXdMSrkkEsBqsKLa
ZJzBUbW9BvLk/GRJenuWpZil2wd0hUBVtbi8/cSYViCJyCY9onYFq/ZuO11rjVvfu66bEa2aM7b9
chnaSOet7PsSQX0S5IZI4FsyazwlaTQWHLVXkpIika7Bm5qcJaTBv7yC29Y6DfHdM9Ir4gSiEAcm
pCySw5sxCZ1aYW5tbJYoUbpdYly/KS7PrzhpPH938/o75IucXzY5my8FsIYiBx++6qQpJeM0d4jj
fvm1o3Pn+/jUet7WsN8Km2pXk8Kv4L75vTAdi0r3WPjGaVXoZMZ4CJuAaaw1tLNVUVTch2lLV9U2
JziqUd9ZVPK+jZ74qkb6Hfeke10NIMYndDqJNS2qn4s01/0R5tQ34oeweCRPWIp35+Loh0/vzo8h
d7hB4ID5DxAbCSZlg+aStowNf3Q6BmsodrLLYX4/fPe+hW/K3d7IN7wZnfZxIsXiNakZ01a0DTOT
VjwCvxHduDgtkoS3xbs02Y4emzTeCYT5OdrvVd1ys0mbmv6Rn+YBRz5jV01lml7mDjAtNGtGes1c
mOP3DiYyVTb7v5o4QvUkMud6y+a2JH1M2KbkHdf6ct2liKQF1AbQCmpwu76khKgy3ZNKjKYWG8QH
1oG3zKq1vFNmRteuJLVo1belE+/Z3QHH0dZUqToPMDHOsIYSGbrD1haaOdGaHeZTw3bWfaoeRl2W
9VxTU2vE63XRkMtLdMJiPCDk3OoDJWhUInA7CzpL3znDwuKPnG/1FrO0cqXbJ6HSwAxzq418yNvA
qaGzPdDwfuamyaeNOvKf7CRL4I3w1ZoZ9muxpM8OoHvQaONTPrLvKo2VMHtQF1dC0asm7BOypGQG
M1SsUxh+6FIM7vgZpZRRpDLFFZs2K941S++wBfUr2ANmEsxYlsUD3YsndcEWUqw0tJ5zhb5UtU6N
GNkRsb1FbbSTgSbt3XnVo4vCAwlPQxP69Lgj03T+2nRTn3j2+Qx4I6Aoq6p7SiPVfaeqbCegXctx
3gbXsZCH+mQ86YNMudWAyKbTi5BaZ5sma23YPFA2wHNMDHMd2pBrVCKdd6LwT24U+Zqp/mjENFnn
Jg+lnjB3PvSwTuOg/fR7ASCyCxfxzgOTxY3oZyYHQ52X2h82lzd6CQac00hfZ+tmriDMuUZlTBdh
xmnBGMPvbtdUucNEa+qBR9UOdYqZ5r3YvWcS2OfK5bJUS9PuNb1h3QOjG/B3h/QxfvAhV+dXdEFx
ZCKUTlbIlz4oXR5K/nUH7Vgx4jsCeGzcO5BB0tBxvtnQDTQtnCdMhUD1e6NhSMvoUgUH1l7wO6Nz
E9XvsyLLzDYrCVtRFGZKwqEtGhC+ElUioR6Rv8spMtOsNozqICb3urbmhkwv7jcoj5BmscdsHZMB
xzLW79sdnshUU9UXap2ud8HMJAYElOaTzlPsIhmSc6YNuR1tFrVHD+PdBuZNf4eWb0/a5RGn29S+
lqQ+dIrSS2C4CWDMPgZfc12OCTrri9v2n5nbVQnpEjGmzRyQficNn3eQ5RGywD2i5DkXVB9wltbl
AdwZ78OkNJV8qC7hjtR4OWYi6Tc8vGgozkm38KnqaHzcy+bSfNPUfUX5WsJlAqPWXm31veZmiwnC
vtGhto25MoPa15cd/S2/BJlaqSlMkw4QXXNoSn0CSG637e3pEAR4xk23CQ+SYioLteh0JlaZTgR3
EHSSS7KMIaISNfw9n8Lhm9y0khUGiibgxWtBik5ZBQ1zNkM1EZ1w0lIuFHSi3WkGncQYIMctFP1I
KQksOxYsPeYCVUIlBUpozCEKmB6h9MH8cNud3h2ewsLY6Cc+Y9MGozTGUCZzDUh3D1O2jx8/o1qn
oIkE9Qg8VToOk7Gnj2q3M89Z9I6H59SGXww00sSw9lRQoijVO4fK7BwfaxHQkjm2bFE7aznUCtRM
H+r+pc54W/aLv0JWxG44Zt4yMXbYcUm7oJQCT4MZRy0Rx3o3yqeHnCyQTpHMaGpLIKFAvKcLhyib
xqykDIfWkTU1lW7IVsVaaVt+yhSDCi0Bb4pS77wwV8hpeH+KVgcZUhQVPx5w93NPhHRSupMfneAa
E2NgR9WxlltaszYalacyC7OMG8YG5ttn/RZexUiEKyRJvwY63JeKvTtSnT2d1mUHivCG/DwQIjf7
kvtMdPDCqCFzAZLtnKF46bAj1gc31FAnt6PxpPNcGYNuoFJsAOgzNhc/dcMgWz3+JEbfip/wmh94
3R0UgbBv0ggWA+TlFuJ4R21FnQ/TBIBbDDRAftzBMut+Ev+M788upbmLwU8dkjq5w5b0QAS/dNpd
6bIC+QCq4X9uKtLlSGEWJcwvnT+1KOygMHB4PKRveawRYqj7wx1qvwbfzP4To9qJjsqhnYzoQIGv
mm3FEWydtaWnQUhY0qwyB1HbziDNb53iYyPilzAgCiQvX6Kaf/nS0fKjnfryawXYjT8jwGHv9U9a
n/Kih+6p4AtpPXqMZqEKWUL3KNFe8vWQnhpuKMUXI3G02m6QZB0LmdSmsZSiaHvU6NYbNiMgW5Oy
jTSyZpR6oWJi0YdGGHP2hnQOx+eLVQ9fuz3OMn1Xs7X2soQAAP3UcrtHlSkeqT5+NPcy9ry+PjUn
UQJUXPS8D/Ij1RK0swI2Xl29dxV+//bMfpDhsyddVFC2p+pn61ahseGISe1TPrNA5pRuMmU6BaZ9
KOn6t96Xx/VXQKT01LN0DbvbcS7evH99qwepM6noOPLP5g7n0J89wh3laug+0hXoIVdJfzbtIH0/
pX/SowVD3Eb4NwexsjH5YIaEItoK/dOqpmzroba9XXY3WzjZJwFnMuKbQ1XLp1F7K4Z+vq8d9xvO
8nkrnr8HhJtnovcjPzMy4iZUrzukf6Ot5V+Zk4HojnqpFfd7UXSEaUa9EzaTTk/4J7yZruB0eqKp
ZPh0a7wrk+im2KFQ6W7X9U7EZ9wx4RtOi/zFDbwDXQR3bWFZc8ueW764vPkXvghO153412oUwk4v
z64vKK0cl43QV44W+bqo49NFY1lyEl5eX8z11/isoG6i0E/J0S1VAnrJcQeTUshTe2ZTEWoOVfiY
+tSxvOklNHuV1mpE8e/UopIuR+0bdd09Ga1Spf/3BtVpQRezuNVBV6d13ndqB4ArH82C6tS2CQyp
9ijJ6E4LtdDadTJP12BgD9K6CPUjnUDQrwoIC30tqxthAHTATvdw9NPmfsOr4pS6vbCc7SnUuDOD
rto9bZt0zFq2oF3bTsXdayoiTumnLYvcpOx8betUJ75mqESQ1dvTtzF5LECMT/+J/5k6kiI/o4aM
i++CG5oY3rgvDQ2kN9CT2H3Ag263d7rBEO+91xVj9ve6ldSUNLfZTssGTmTwy38Awee2FA==
===END CRASH DUMP===
