PocketMine-MP-NG unofficial by MPE Crash Dump Tue Sep 10 08:25:25 UTC 2024

PocketMine-MP-NG unofficial by MPE version: 5.18.1+dev [Protocol 712]
Git commit: 5bb287048b53930d7bfc08f583db55e1c5bb2e01-dirty
PHP version: 8.2.17
OS: Linux, linux

THIS CRASH WAS CAUSED BY A PLUGIN
BAD PLUGIN: MPEBanSystem

Thread: Main
Error: PDO::__construct(): Read of 8192 bytes failed with errno=21 Is a directory
File: plugins/MPEBanSystem/src/provider/SQLite3Provider
Line: 31
Type: ErrorException
Backtrace:
#0 (): pocketmine\errorhandler\ErrorToExceptionHandler::handle(int 8, string[74] PDO::__construct(): Read of 8192 bytes failed with errno=21 Is a directory, string[82] /home/xackigiff/MPE/DevSpace/plugins/MPEBanSystem/src/provider/SQLite3Provider.p, int 31)
#1 plugins/MPEBanSystem/src/provider/SQLite3Provider(31): PDO->__construct(string[67] uri:file:////home/xackigiff/MPE/DevSpace/plugin_data/MPEBanSystem//, null, object SensitiveParameterValue#62081, array[1])
#2 plugins/MPEBanSystem/src/provider/Provider(37): XackiGiFF\MPEBanSystem\provider\SQLite3Provider->__construct(string[54] /home/xackigiff/MPE/DevSpace/plugin_data/MPEBanSystem/)
#3 plugins/MPEBanSystem/src/MPEBanSystem(24): XackiGiFF\MPEBanSystem\provider\Provider::initProvider(string[54] /home/xackigiff/MPE/DevSpace/plugin_data/MPEBanSystem/, string[7] sqlite3)
#4 pmsrc/src/plugin/PluginBase(119): XackiGiFF\MPEBanSystem\MPEBanSystem->onEnable()
#5 pmsrc/src/plugin/PluginManager(454): pocketmine\plugin\PluginBase->onEnableStateChange(true)
#6 pmsrc/src/Server(1448): pocketmine\plugin\PluginManager->enablePlugin(object XackiGiFF\MPEBanSystem\MPEBanSystem#50931)
#7 pmsrc/src/Server(1079): pocketmine\Server->enablePlugins(object pocketmine\plugin\PluginEnableOrder#50914)
#8 pmsrc/src/PocketMine(355): pocketmine\Server->__construct(object pocketmine\thread\ThreadSafeClassLoader#2, object pocketmine\utils\MainLogger#6, string[29] /home/xackigiff/MPE/DevSpace/, string[37] /home/xackigiff/MPE/DevSpace/plugins/)
#9 pmsrc/src/PocketMine(378): pocketmine\server()
#10 /home/xackigiff/MPE/DevSpace/PocketMine-MP.phar(168): require(string[72] phar:///tmp/PocketMine-MP-phar-cache.0/PMMPnlS6rd.tar/src/PocketMine.php)

Code:
[22]         self::$config = new Config($path . 'config.yml', Config::YAML);
[23] 
[24]         $dsn = self::$config->get('user-data.dsn');
[25] 
[26]         $options = [
[27]             PDO::SQLITE_ATTR_OPEN_FLAGS => PDO::SQLITE_OPEN_READWRITE,
[28]         ];
[29] 
[30]         try {
[31]             self::$DB = new PDO("uri:file:///" . $path . '/' . $dsn, null, null, $options);
[32]         }
[33]         catch(PDOException $e) {
[34]             $logger->critical("Ошибка с хранением базы данных! Причина: " . $e->getMessage());
[35]         }
[36] 
[37]         $this->type = "sqlite3";
[38]         self::$instance = $this;
[39]         parent::__construct();
[40]     }
[41] 

Loaded plugins:
DevTools 1.17.1+dev by PocketMine Team for API(s) 5.0.0
MPEBanSystem 0.0.1 by  for API(s) 5.18.1

uname -a: Linux xackigiff-TUF-GAMING-FX504GM-FX80GM 6.8.0-41-generic #41-Ubuntu SMP PREEMPT_DYNAMIC Fri Aug  2 20:41:06 UTC 2024 x86_64
Zend version: 4.2.17
Composer libraries: 
- adhocore/json-comment 1.2.1@651023f9fe52e9efa2198cbaf6e481d1968e2377
- brick/math 0.12.1@f510c0a40911935b77b86859eb5223d58d660df1
- daverandom/callback-validator unknown@unknown
- nethergamesmc/bedrock-data dev-master@be507143e0ba406a6965c91631f496d77d687f7a
- nethergamesmc/bedrock-protocol dev-master@cea5a535189c38cd6b3a74c8559f33118f21ced5
- nethergamesmc/pocketmine-mp dev-master@5bb287048b53930d7bfc08f583db55e1c5bb2e01
- netresearch/jsonmapper unknown@unknown
- pocketmine/bedrock-block-upgrade-schema 4.3.0@53d3a41c37ce90d58b33130cdadad08e442d7c47
- pocketmine/bedrock-item-upgrade-schema 1.11.0@35c18d093fc2b12da8737b2edb2c3ad6a14a53dd
- pocketmine/binaryutils 0.2.6@ccfc1899b859d45814ea3592e20ebec4cb731c84
- pocketmine/callback-validator 1.0.3@64787469766bcaa7e5885242e85c23c25e8c55a2
- pocketmine/color 0.3.1@a0421f1e9e0b0c619300fb92d593283378f6a5e1
- pocketmine/errorhandler 0.7.0@cae94884368a74ece5294b9ff7fef18732dcd921
- pocketmine/locale-data 2.19.6@93e473e20e7f4515ecf45c5ef0f9155b9247a86e
- pocketmine/log 0.4.0@e6c912c0f9055c81d23108ec2d179b96f404c043
- pocketmine/math 1.0.0@dc132d93595b32e9f210d78b3c8d43c662a5edbf
- pocketmine/nbt 1.0.0@20540271cb59e04672cb163dca73366f207974f1
- pocketmine/netresearch-jsonmapper v4.4.999@9a6610033d56e358e86a3e4fd5f87063c7318833
- pocketmine/raklib 1.1.1@be2783be516bf6e2872ff5c81fb9048596617b97
- pocketmine/raklib-ipc 1.0.1@ce632ef2c6743e71eddb5dc329c49af6555f90bc
- pocketmine/snooze 0.5.0@a86d9ee60ce44755d166d3c7ba4b8b8be8360915
- ramsey/collection 2.0.0@a4b48764bfbb8f3a6a4d1aeb1a35bb5e9ecac4a5
- ramsey/uuid 4.7.6@91039bc1faa45ba123c4328958e620d382ec7088
- rhumsaa/uuid unknown@unknown
- symfony/filesystem v6.4.9@b51ef8059159330b74a4d52f68e671033c0fe463
- symfony/polyfill-ctype v1.30.0@0424dff1c58f028c451efff2045f5d92410bd540
- symfony/polyfill-mbstring v1.30.0@fd22ab50000ef01661e2a31d850ebaa297f8e03c

----------------------REPORT THE DATA BELOW THIS LINE-----------------------

===BEGIN CRASH DUMP===
eNrtXAlv20iW/is1ToDYu6LMW8fAQdKxkwk27nhjZ7sHrSBdJIsS2xSp4WFbM5j/vt97VaQo2enp
3R1gF4tOA7JYrHr17qtK/bejtKzWsvl6p6o6K4ujuT86arK1Opo7EzeYBSE+x5OJ49vh6Kjd6Ff2
OJx4/syxbcdxZ05gY1Eu6+aiqsrqaP63o2a7wbQjfr54iBXWAfboaK3qWi7p1dX5x/n869e4LOqm
auPm+GQuPimZiDIVU2fmimjbqFqkMstVIu6zZiVUVRXlmeuI97WQIskqFTdltQXYtM3zt5gIuKer
cq1OH2R8my2zND29vLo4PVd31xsZq9NN3i6zoqbB72Rxva0btT6tq/h0U5V3WaKq0+t//5A1yrsy
z+PNakPwNez/8nIszbMCSz0HXK2AwtH8p6NntiBqN2V8q5o13i8Wihi1kkWSq2qxYLbdlD3j/qRf
zOd6xnFWNGI6EmBcVix/mvhfxD+Pmz3YqftF/LOZORKEuuecgDHPHPFfhnCMpXMi1no5JNZgHE6+
iLbK5iSt+Sn+/WPsvyaykfv7n45EAXUaiTL6BSwR16qosya7U1eykmvVqOo/ZN6qZ6FrT52RkFUl
tz85X5gk9zeQtKNlAlp+JOzeZW/fLhbDJYtFN3+xOODBk6QH/m8S1hPkMt7et/EeDhy7/m9DucN1
Ps+KrOkp/h8ju9P5L6L+S05sYfx9sVkTssxoXnx6xX++k7U6dpzZr6E9fLJelsVFISMYGQMOvgX4
UhbwY9WxH/gHpqyngQc9Ajug141s1BtY8VIdQ36K9wgHe1yrCo742PH96a+CNdtbLxXD1YPHRmN/
E6XPAntmDHHyBAL2ZHaAgH6zv2PdbfltTDXhHyvIn7Z0fN5yOtjyitdeYu2xFwTf2HWo80/s2awq
eLvF4ob/XstUvUE8qj+UkvZ1e2MermmbLK/BFJkVH8oluPks7PXLnf0DFe1nepPf6CaZ7tk36J4c
irvWctCO0v71HXaArMsrRCwJ+YUEsFJ/aeHXO7ubwKPTW/KNzXqzv86iN1Ys45Ua26dXl5dXRX4d
Vsm4kdUBuhQUT46+IKIxtxEYiYdHfx8dqf+t+P9Pic+H1OwPjAz4r1lxV+Z3aq2KBu80Gv1bmj3Y
HeNxmShiievinTD/apWn8/lzUJ9mS3EmCnUv3vDD8fONBK1j8UK/HG/X+YuReTmf//n15YeTPwKs
6wEc/fUHYJ8ndQFoe9Ctl0vVHL9ooVEWedQx5rzQIAIDIhyCKFlWNcD8RO8mg3f0j+UGNr6/ufj6
+ubm09ePVxfff3374fW7a3H2cu81v/l08fr8h094HBG06QDaF8ZhpnHw7MGbptqKv9Ggc7C5Iez8
O8My7Ha8OBrG/MURWNez8PQFPYHgLqbrz45G5oI3lMvfacAbDMSyiVfH2KfXYvFcnWjs/APsnufs
RqyXcYWEIZY5cFu0tu8o+vSn9OnpT4c/JX/agl87+k/An7Z+w58JfwaD79PBSCwGAPWCCYOI9Av/
EaREv9a7/YFnOelgV4buTwY76XX2XGjuKlapS23Kxyeai8EhF0Mj2KECPW9WWW29JO8ACS6OTAxf
HDGI6WMDgTU3sohpNq/lebPBvI2sYIcHnoRm+Z1CETI+KRKb9O85+O85+O85+O85+O85+O85+P+L
HNyQRhkmkLkpy5y/F5L6dLuh0VHf4Dtyxs5k7Pxrou4wLNtmVVY1xcQddHGj5Jqgy01Gb4KxPbbp
WSsecmKynNFRojaqSGgx3tVl2pwPB9aS8+EOh8VigE1ecmZ9ffP6083nKwzcqwgunnBeNc2mBn+W
iJBtNI7L9YDu0x4Govlepr0j+iAB3xEOIsbOHs1DEp0pXv43afxN5r4j++rj9c0PHz99ON8j/Ojv
oGnTRTgWyfgJxWIcHxoKiaUW/JuyovXTsQvJAiSc9t5znkUP63w4UoKEut4b2sT7QIxvHw79FYCG
zxx3ExW1S2auCx0ZHUXxGtn3cBoyYTAMiA/HVm1xy9bv8lpvHNBotd00pRlwacAUkrt1bbWHdVJC
8keubXvUicbALzWLup9AiUhWpOXBGBi8N9Jsho/LZO9pvfdyJes98ihDBXV7S66vPuwJQN2pPIkM
YbYWSaLSXAuKWEd6uY60lxguXZdVY5TXYZast5BMQbuZb2I3lwayfaEWzR6/smWUFRJF8/zIozHi
uipQo+ptO/SQ3u2BScqvDPxwUCvJcPRqtS/omvW33lu4Xm/62joEWbTjpqyzh+GsClxl4e5GFKRP
Sr9sNbtts/YTOInIku1Lvl6tyz3BXWfrTa5+vNwTTVPeqiL76746HFgLHgnbR3PuUecdDD4Y7eis
YSsZlItHjywo27ADduGDyYP9kjVf19wg4Hz3CF7dKCvpnSpUJfOBZ9uPFt+/E21RpmkWZzJHdSHg
bMgAke7sjnM6x4bxNsvBNRtKUH8l528cHFLGpoxL7DNxXOyaUVsjiCJ3OrH9aRR4M89OJlEa29M0
mHpJFATKiWmCsh0LRUtDLZjWoPghK9oH0UdJ6+bzW+vd68v337+z3v4Y2P67S/yd2u8uRTiejm3L
dyymM4vFM3z/HLVF04rryytx9eni4vLq5uv5n7/H+jfibZWJ1+1SCFe49tx35nYoPt+8wYPri4dp
+DX0j5iDey5Lsan4ve6tNl/LusOTPCE95OYBsQZ6qKqvMM9KVpli9yqTFfhTqVPyLRbmmNaPQ0Bf
hYFju146S1XgqplKpevMpnEk01D5UydxZuFUud6ENo9A5e2pcY9QXlqeYnlsSx9pmTPzgmgyiabh
NJipKHBdLwmmSRjaSeqwW4dU2SpO4VLzCDy27mSewd1T1w0iuC3K++KV+YsVhWpWqlpCMvU6Po1U
UkGBuAtEnSt1Z60lAlP1KlKBPXF8T9kRMAllOAuDeOaEnpP6szCZTJJwOkkn8psgdzo0BBsrGcjA
C5zpLPamcRJGnpz48TQIZqkHhz1NXSdWSfAI7C4Ls9j3DmD+VsXUMCtVK1nFKxbdWm426mlG7Tbs
SYpy+mw3ywqWb9XIydaSNQke8lXgJZ70ndibxGpmQ0oR6PHsOJH4z54q33eTSexPngadUZXzCDJc
AtzZKy+InWmCwiCN3chxEzmdeBOQlERu7MkklI4PnibJAWj26hxQjfcJX8VxClCzWQR1Svxg6vhK
esHMVa6tIhX7cTTxnHjq70N6UrWA2Nh7FfqT6cQPZ5MwjGIpJyqYTgPXd9U0iF0vdgM1jYNAugcA
y5xhUGxxXknbd53UgaXYkR2H0HnbTqOZmwQzz516yMLTUEKO+zCGvRkGNQGnYqlm/nTqe+EUaqVi
GODMj2ZpOklV6oBtbhInM/cAFMSKfKQzApjgDKyaecqfeMSYSeoHTqBi/IkDldrpzAkC4OdP5DRU
h6B0zPSBjAphMG6M+XYQxDB813OgCLGbOJNZNAtT3/Zj2/f2IRhfQOy1XyWxA5ThBGZB5MGXwDqg
31CteJr4XhyGLhiTROk+iCJqegiuHfi2O3HiCA7E9sOJG0ew4iSWE88Lw9RFSTnx0wOODOzE2rOT
Ox+kzWazVzMZhg5yLPijUHnBVE1DCY6lSZDCFkMvhiJNIbx9uJW81QkjNBuSj5Q7mXpwNU4YwTnC
it00JVZB/LDnYIY9JtFs8hQQK9vEhkoHbiUEe1I3DidwWRNHJTD9JPbcWezP4HeDIIAUongfUF2U
5V91toVy5hWkmcyUCu0YxjoJgsQJwwSEwAFGU/ynpl4InxxwJrKu1Zb0eJdluMxvzPWnk9CP0iia
pp4MpZ84UkUO7CyKAig5ijmY6w5I22Y6Hk1I6xzbm0Wxk0rpB5F0YEM+jGAGBoeunXhTV8UTezql
5at2XUvZrX/swertOi2L7Snlu7WpiI7uQhLgqyhwVDq1A5Az8zw7mvjAM3BTRKZwAhw8qK3yQ28A
ZlPmW4DKrS4Dv3PGHpEM8/WTNIWfnaa2O419gp1Cs/wgDWBtvmNHCbTwKViD/LYDlyauK6PAxj8Y
G2TgKFd6TjIN4KOkdGeTdKpsL9a1US9NOhUBlGeCOgdCH3S0leT+PHFApGUl9rKlRfFM3Kyg5qJW
TQMkaiErJRB1RFmoGl9kI2JZFGUjIiWyIs7bRCX4InQfYIwYB7NokBQQrOtyraiz2zyGWctUjURJ
Aa0mkCJC9ngrtmVbGVgiSwXSvizNeAckF9T5zbcE+Ht134M7RY0g27ypxX1ZvGgEGaasBOrXEp6D
jhjyLWFIrXFN9/1KFUKHFgAYL4pF0QGbLwohnv2w4kgrmhK7oHgACNNGAQ+QXdRUkyT6NaOq/aUA
P3PVML8QjbNYCe2OaWRNkMHxWFm5pOx8qeYilXmt6EW9apsESmqZwz86RtAtJRHnyLaSxRFj9jrP
y3uRZzVh2zVDxV0mxb+3qtrSnL/QF8u8mgvKX3mpbnCZNQJ4CcrXBCQGphA0JMeGlTRfV/hW/3qA
7LMfoKjQCPBVJomAX9TsJ7aC4bdirWTdVnz6J8D0SBHSYI76S4skHGxbZneYe0f9aXFsNkWOekLQ
9Y7KqtQGZZ0FtlPPa47XvPf37ToCV6BVr+ttEd/I+haCr26hR2Oe8BncYtXuKKVpq6osyhbSw/R6
RAvyROjagexhJCirBSFUDzBv7lVEY+u2gAbRFA38msULmqBlVfmQQcMU2ACSWHOLHjnirUHofUq6
SnNIJ0cia16AfXR+h6FENdTvI5U5WCyOQUMLu3GZLUyGZSidM6hDXZWsHFVbFCTOhOrpcsNC4LKm
HotzdWe+i3W2XMGYK5Rio6HxGcUhjlRVu2n0qGYYMQa1tjJ0sXBhlJzsJ9og5F2ZJUD7aQxIR0jn
SjAa2jUeKBqlr3pSp7OLYq2w21bb5Lu8jKA81FwSehxmsM4aMu21Wko+OBqLa81pm3mb1QSal9+Q
0O4zZjwrFGz23tKAOh2rmcA0A4ZwSEC+YFhppVS3pdZxCKslKxXLEnIqyUpJKWijJaNpMWpzYRMV
2J09sC7n/89TQN26X8N/Javkf4Z/3ZQbRsF4zx4lA64W8B4bWZPb6xCiXTusUEv6BjH2AT+wURj8
6hf/BAzZLBglchgibis6QYWhqwcVt+x7S42yNkiKVf1s9RArldQ7irTf+nhzMRc3f3p/LT68v3x/
I15fXX14f3Etri4+iR8+fvq3i08jgUni5iNmXYgf/vTxwwXq+49vLq6vx4ceYI8fbhAadlypKis5
HpMfrolAVE7skZkbva91wHtkBAm7Fp5iwRMq7WUZ1JuyAJ3wz9AmovdbyqaV7H5FgRU8IQ+kpzFk
DQSed+fHO+PGHh8phFCY5wXjx7NJF0yrGWLbqJiyAc1ZQlfLVa/taYB6qU29I9WzDa31ydMoGco9
Q/lSVhEsw9qlsuyAnuYumxqhY1YJswquey2LlnOPISbIy1ro4MmoCwmHStipoY6uaQpYmt71zgTH
4qN2+VrhkTyUbZ70uGSIIfeF2OFfa8AbRh+EhkgkNa3Y7S07i0cxklVHQ+hpS6ty3cVavdrMsIaq
OZQwUWMk+Ug3xBMqtacd112+SCKrsBOpoVHkpF1vdHKlMzhhXlj0opPXOU0yCxh3RrOjAE+I8jB2
+QSDEbMR97DDHZSsrltV68sItVp2ySY5Ldpth9WoE6ROEUxOOdbY0NRv8mktHyzu9tcd7m/khkaz
dbtGiEV0rQi4vucBQSJMy23nOnd8JXsxrGSLeaxjyLU3BiPe0KIkuEXM9XuJnZf61aFOU2pEXk/D
15M7E9KwzMQhZZw46OO6nrZzoMKpCrJH4h6w0/mFhrKRVJIIvUZTuKMOyww/NT3dzjR5l+wSA3Oq
AgzcXwf1a3q4KFD5k8DmJkQgM1uVuc4wI7r4xIk4o1zTtRFhggz7Nl34mLc6tESqzzV1eHs2lFL3
itxqtW0I+EhYzkCALDze2Go6ZEwIYK+9S2P5QIUyyERTTqUM5/m0GIMGrbH4E1JB6NIZ53bizdXn
EdYChwj2dZ8lUHvOFbT37OFbDH8uwi7r3iXkNXNnmFInLQeR3s6oiQmE+CWsrYhhdngUVFgVMSwp
apEkyS10P2njPeMUdD64i4eDXYYlyr6gtOEPpj6SVCejXFZLdq3SVIyPhbbnLXP2ZXA1imTEqzmd
WplLTT1PRo+RgBJSwQrtAouRpSi+R8UIa0AGqSeJHUrfsdmjU5H3QF6eMm6ZjwUJ5fNVcdXVHrt6
mEor2ugeaQQtbDfFxjLPB8XepfFCdfZX1XONSOtYVlMCYFJIVDHaXAapht9d6zoZi6t/wGbeMa3k
kkgAq8GKepNzBkfV9hrIk/OTFentmzzDLN0+oCsEqm7E5c1nxrQGSUQ26RG1K1i1d9vpWmvc+d51
01q0as7YDstlaCOdt7LvSwX1SZAbIoHvyGzwlGbxWHDUXklKikS2Bm8acpaQBv92CG5b6zTEd8dI
r4gTiEIcmJCySA5vxiR0aoW5jbFZokTpdolx/aa4PP/ISeP5++vX3yFf5PyyLdh8KYC1FDn48FUn
TRkZp7mcmwzLrx2dO9/Hp9bzroZ9KRyqXU0Kv4L75vfCdCxq3WMhQynqUiczxkM4BExjraG9WZVl
zX2YrnRVXXOCoxr1nUUt77roia/K0u+4Jz3oagAxPqHTSaxpUf1SZoXujzCnXogfo/KBPGEl3p+L
4x8/vz8/gdzhBoED5t9DbCSYjA2aS9oqMfzR6RisodzJroD5/fjdhw6+KXcHIy94Mzrt40SKxWtS
M6at7BpmJq14AH4W3bg4K9OUt8W7LN1aD22W7ATC/LT2e1U33GzSpqZ/pqZ5wJHP2FVbm6YXudlG
hx2zxtJr5sIcv/cwkamy2f/ZxBGqJ5E5N1s2tyXpY8o2JW+51pfrPkUkLaA2gFZQg9vVJSVEteme
1MKa2mwQ37MOvGNWreWtMjP6diWpRae+HZ14z+4OOFpbU6XqPMDEOMMaSmToDltXaBZEa36YT426
WXeZurf6LOuppqbWiNfrsiWXl+qExXhAyLnTB0rQqETgdhZ0lr5zhoXFnzjfGixmaRVKt08ipYEZ
5tYbeV90gVNDZ3ug4f3MTZNPG/XkP9pJVsAb4aszM+zXYUl/e4DeQaONT/nIvussUcLsQV1cCUWv
22hIyJKSGcxQiU5h+KFPMbjjZ5RSxrHKFVds2qx41zy7xRbUr2APmEswY1mV981K+09sIcVKQxs4
V+hL3ejUiJG1iO0datZOBpq09+f1gC4KDyQ8DU3o0+OeTNP569JNfeI55DPgWUBR1nX/lMWq/05V
2U5Au5bjvAuuYyEP9cl40nuZcasBkU2nFxG1zjZt3tmweaBsgOeYGOa5tCHXqEQ670Thn9wo8jVT
/dGIabLOTR5KPWHufOhhncZB+2OKSsVyFy6SnQcmi7Po9xsHQ72X2h82lzcGCQack6Wvs/UzVxDm
XKMyposw46xkjOF3t2uq3GGiDfXA43qHOsVM817s3jMJ7HPlclmppWn3mt6w7oHRhffbQ/oYP/iQ
j+cf6YKiZSKUTlbIl94rXR5K/pUF7Vgz4jsCeGw8OJBB0tBzvt3QDTQtnEdMhUD1e6NhSMvoUgUH
1kHwe0PnJmrYZ0WWmW9WEraiKMxUhENXNCB8papCQm2RvysoMtOsLozqICb3urbmhswg7rcoj5Bm
scfsHJMBxzLW77sdHslUUzUUapOtd8HMJAYElOaTzlPsIhmSc6YNuR1tFnVHD+PdBubNcIeOb4/a
5TGn29S+lqQ+dIoySGC4CWDMPgFfC12OCTrrS7r2n5nbVwnZEjGmyxyQfqctn3eQ5RGywD2m5LkQ
VB9wltbnAdwZH8KkNJV8qC7hjtV4OWYi8aAXjcQ56Rb+qiYenwyyuazYtM1QUb6VcJnAqLVXW/2g
udlhgrBvdKhrY67MoPb1VU9/xy9BplZpCrO0B0TXHNpKnwCS2+16ezoEAZ5x013Cg6SYykItOp2J
1aYTwR0EneSSLBOIqEINf8encPgmN51khYGiCXj2WpCiU1ZBw5zNUE1EJ5y0lAsFnWj3mkEnMQbI
SQdFP1JKAstOBEuPuUCVUEWBEhpziAKmxyh9MD/a9qd3h6ewMDb6Zc/YtMEojTGUyUID0t3DjO3j
py+o1iloIkE9Bk+VjsNk7NmD2u3McxaD4+E5teEXRxppYlh3KihRlOqdI2V2Tk60CGjJHFt2qL3p
ONQJ1Ewf6f6lzng79os/Q1bEbjhm3jI1dthzSbugjAJPixnHHREnejfKp0ecLJBOkcxoakcgoUC8
pwuHKJvGrKQMh9aRNbW1bsjW5VppW37MFIMKLQFvykrvvDBXyGl4f4pWBxlRFBU/HXD3y0CEdFK6
kx+d4BoTY2DH9YmWW9awNhqVpzILs4wbxgbm2xf9Fl7FSIQrJEm/Bjrcl4q9W1KdPZ3WZQeK8Jb8
PBAiN/uc+0x08MKoIXMBkt2ckXjusiPWBzfUUCe3o/Gk81yZgG6gUm4A6As2Fz/3wyBbPfwsrJfi
Z7zmB153C0Ug7NsshsUAebmFON5TW1HnwzQB4BZHGiA/7mCZdT+Lf8X3J5fS3MXRzz2SOrnDlvRA
BD93u13psgL5AKrhf2lr0uVYYRYlzM/dP3Qo7KAwcHg8pG9FohFiqPvDPWq/Bt/M/gOj2ouOyqGd
jOhAga+abcUxbJ21ZaBB/Ju52hxEbXuDNL91Sk6MiJ/DgCiQPH+Oav75c1fLj3Yayq8TYD/+hABH
g9c/a30qygG6Z4IvpA3oMZqFKmQJ3aNEe8nXQwZquKEUX1jieLXdIMk6ETJtTGMpQ9H2oNFtNmxG
QLYhZbM0smaUeqFiYtMfjTDm7A3pHI7PF+sBvk53nGX6rmZr7WUJAQD6ueP2gCpTPFJ9/GDuZex5
fX1qTqIEqKQceB/kR6ojaGcFbLy6eu8r/OHtmf0gw2dPuqigbE81T9atQmPDEZPap3xmgcwp2+TK
dApM+1DS9W+9L4/rr4BI6alv6xp2t+NcvP3w+kYPUmdS0XHkH80dzlEwe4A7KtTIe6Ar0COukv5o
2kH6fsrwpEcLhriN8G8OYmVr8sEcCUW8FfqnVW3V1UNde7vqb7Zwsk8CzmXMN4fqjk9WdyuGfkWq
HfdbzvJ5K56/B4SbZ2LwIz8zYunfiO+6Q/qn0lr+tTkZiG+pl1pzvxdFR5Tl1DvRv2jt9IR/uZvr
Ck6nJ5pKhk+3xvsyiW6KHQqV7nZd7USsf/3ON5wWxbNreAe6CO45wrbntjO3A3F5/W98EZyuO/Gv
1SiEnV2+ubqgtHJctUJfOVoU67JJzhatbctJdHl1MddfkzcldROFfkqPb6gS0EtOepiUQp45M4eK
UHOowsfUZ67tTy+h2ausURbFvzObSroCtW/cd/dkvMqU/v8G1GclXcziVgddndZ535kTAq58MAvq
M8chMKTaVprTnRZqoXXrZJGtwcABpHUZ6Uc6gaBfFRAW+lpWP8IA6ICd7uHop83dhlclGXV7YTnb
M6hxbwZ9tXvWNemYtWxBu7adSvrXVESc0U9bFoVJ2fna1plOfM1QhSCrt6dvY/JYgJic/Qv/M3Uk
RX5GDRkX3wU3NDG88VAaGshgYCCxu5AHvX7vbIMh3nuvK8bsH3QrqSlpbrOdVS2cyNHf/xOHi0X4
===END CRASH DUMP===
