PocketMine-MP-NG unofficial by MPE Crash Dump Tue Sep 10 08:22:02 UTC 2024

PocketMine-MP-NG unofficial by MPE version: 5.18.1+dev [Protocol 712]
Git commit: 5bb287048b53930d7bfc08f583db55e1c5bb2e01-dirty
PHP version: 8.2.17
OS: Linux, linux

THIS CRASH WAS CAUSED BY A PLUGIN
BAD PLUGIN: MPEBanSystem

Thread: Main
Error: PDO::__construct(): Read of 8192 bytes failed with errno=21 Is a directory
File: plugins/MPEBanSystem/src/provider/SQLite3Provider
Line: 31
Type: ErrorException
Backtrace:
#0 (): pocketmine\errorhandler\ErrorToExceptionHandler::handle(int 8, string[74] PDO::__construct(): Read of 8192 bytes failed with errno=21 Is a directory, string[82] /home/xackigiff/MPE/DevSpace/plugins/MPEBanSystem/src/provider/SQLite3Provider.p, int 31)
#1 plugins/MPEBanSystem/src/provider/SQLite3Provider(31): PDO->__construct(string[66] uri:file:////home/xackigiff/MPE/DevSpace/plugin_data/MPEBanSystem/, null, object SensitiveParameterValue#62081, array[1])
#2 plugins/MPEBanSystem/src/provider/Provider(37): XackiGiFF\MPEBanSystem\provider\SQLite3Provider->__construct(string[54] /home/xackigiff/MPE/DevSpace/plugin_data/MPEBanSystem/)
#3 plugins/MPEBanSystem/src/MPEBanSystem(24): XackiGiFF\MPEBanSystem\provider\Provider::initProvider(string[54] /home/xackigiff/MPE/DevSpace/plugin_data/MPEBanSystem/, string[7] sqlite3)
#4 pmsrc/src/plugin/PluginBase(119): XackiGiFF\MPEBanSystem\MPEBanSystem->onEnable()
#5 pmsrc/src/plugin/PluginManager(454): pocketmine\plugin\PluginBase->onEnableStateChange(true)
#6 pmsrc/src/Server(1448): pocketmine\plugin\PluginManager->enablePlugin(object XackiGiFF\MPEBanSystem\MPEBanSystem#50931)
#7 pmsrc/src/Server(1079): pocketmine\Server->enablePlugins(object pocketmine\plugin\PluginEnableOrder#50914)
#8 pmsrc/src/PocketMine(355): pocketmine\Server->__construct(object pocketmine\thread\ThreadSafeClassLoader#2, object pocketmine\utils\MainLogger#6, string[29] /home/xackigiff/MPE/DevSpace/, string[37] /home/xackigiff/MPE/DevSpace/plugins/)
#9 pmsrc/src/PocketMine(378): pocketmine\server()
#10 /home/xackigiff/MPE/DevSpace/PocketMine-MP.phar(168): require(string[72] phar:///tmp/PocketMine-MP-phar-cache.0/PMMPuzEJU2.tar/src/PocketMine.php)

Code:
[22]         self::$config = new Config($path . 'config.yml', Config::YAML);
[23] 
[24]         $dsn = self::$config->get('database.dsn');
[25] 
[26]         $options = [
[27]             PDO::SQLITE_ATTR_OPEN_FLAGS => PDO::SQLITE_OPEN_READWRITE,
[28]         ];
[29] 
[30]         try {
[31]             self::$DB = new PDO("uri:file:///" . $path . $dsn, null, null, $options);
[32]         }
[33]         catch(PDOException $e) {
[34]             $logger->critical("Ошибка с хранением базы данных! Причина: " . $e->getMessage());
[35]         }
[36] 
[37]         $this->type = "sqlite3";
[38]         self::$instance = $this;
[39]         parent::__construct();
[40]     }
[41] 

Loaded plugins:
DevTools 1.17.1+dev by PocketMine Team for API(s) 5.0.0
MPEBanSystem 0.0.1 by  for API(s) 5.18.1

uname -a: Linux xackigiff-TUF-GAMING-FX504GM-FX80GM 6.8.0-41-generic #41-Ubuntu SMP PREEMPT_DYNAMIC Fri Aug  2 20:41:06 UTC 2024 x86_64
Zend version: 4.2.17
Composer libraries: 
- adhocore/json-comment 1.2.1@651023f9fe52e9efa2198cbaf6e481d1968e2377
- brick/math 0.12.1@f510c0a40911935b77b86859eb5223d58d660df1
- daverandom/callback-validator unknown@unknown
- nethergamesmc/bedrock-data dev-master@be507143e0ba406a6965c91631f496d77d687f7a
- nethergamesmc/bedrock-protocol dev-master@cea5a535189c38cd6b3a74c8559f33118f21ced5
- nethergamesmc/pocketmine-mp dev-master@5bb287048b53930d7bfc08f583db55e1c5bb2e01
- netresearch/jsonmapper unknown@unknown
- pocketmine/bedrock-block-upgrade-schema 4.3.0@53d3a41c37ce90d58b33130cdadad08e442d7c47
- pocketmine/bedrock-item-upgrade-schema 1.11.0@35c18d093fc2b12da8737b2edb2c3ad6a14a53dd
- pocketmine/binaryutils 0.2.6@ccfc1899b859d45814ea3592e20ebec4cb731c84
- pocketmine/callback-validator 1.0.3@64787469766bcaa7e5885242e85c23c25e8c55a2
- pocketmine/color 0.3.1@a0421f1e9e0b0c619300fb92d593283378f6a5e1
- pocketmine/errorhandler 0.7.0@cae94884368a74ece5294b9ff7fef18732dcd921
- pocketmine/locale-data 2.19.6@93e473e20e7f4515ecf45c5ef0f9155b9247a86e
- pocketmine/log 0.4.0@e6c912c0f9055c81d23108ec2d179b96f404c043
- pocketmine/math 1.0.0@dc132d93595b32e9f210d78b3c8d43c662a5edbf
- pocketmine/nbt 1.0.0@20540271cb59e04672cb163dca73366f207974f1
- pocketmine/netresearch-jsonmapper v4.4.999@9a6610033d56e358e86a3e4fd5f87063c7318833
- pocketmine/raklib 1.1.1@be2783be516bf6e2872ff5c81fb9048596617b97
- pocketmine/raklib-ipc 1.0.1@ce632ef2c6743e71eddb5dc329c49af6555f90bc
- pocketmine/snooze 0.5.0@a86d9ee60ce44755d166d3c7ba4b8b8be8360915
- ramsey/collection 2.0.0@a4b48764bfbb8f3a6a4d1aeb1a35bb5e9ecac4a5
- ramsey/uuid 4.7.6@91039bc1faa45ba123c4328958e620d382ec7088
- rhumsaa/uuid unknown@unknown
- symfony/filesystem v6.4.9@b51ef8059159330b74a4d52f68e671033c0fe463
- symfony/polyfill-ctype v1.30.0@0424dff1c58f028c451efff2045f5d92410bd540
- symfony/polyfill-mbstring v1.30.0@fd22ab50000ef01661e2a31d850ebaa297f8e03c

----------------------REPORT THE DATA BELOW THIS LINE-----------------------

===BEGIN CRASH DUMP===
eNrtXItv20aa/1dmlQCxb0WZbz0WDpLGTprbuPHGzrVFFaRDciixlkiVD9vqov/7/b5vhhQlO93u
7QJ3ODQFLHE48833fs2ofx+kRbmW9edbVVZZkQ9m/nBQZ2s1mDljN5gGYeC6o4kduBO8aDb6lT0K
bccf+7Yfju2xE3jecLCSVX1elkU5mP19UG83mDbg5/P7WGEdYA8Ha1VVckGvLs/ez2afP8dFXtVl
E9dHxzPxQclEFKmYOFNXRNtaVSKV2Uol4i6rl0KVZV6cuo54WwkpkqxUcV2UW4BNm9XqNSYC7smy
WKuTexnfZIssTU8uLs9PztTt1UbG6mSzahZZXtHgVzK/2la1Wp9UZXyyKYvbLFHlydXf3mW18i7N
82iz3BB8DfufXo6lqyzHUs8BV0ugMJj9MHhiC6J2U8Q3ql7j/XyuiFFLmScrVc7nzLbromPc1/rF
bKZnHGV5LSZDAcZl+eKHsf9J/Pu42YGduJ/Ev5uZQ0Goe84xGPPEEf80hCMsnRGx1vM+sQbjMPwk
mjKbkbRmJ/j3j7H/nMha7u8/FDm0aSiK6CdwRFypvMrq7FZdylKuVa3K/5KrRj0JXXviDIUsS7n9
wfnEFLm/g6IdKWOQ8h0h9yZ7/Xo+7y+Zz9v58/kBCx6lPPB/l6weoZbx9r6Md3/gyPV/H8otrrNZ
lmd1R/G/jOxO5T+J6ucVsYXx98VmTcgyo3nxySV/fCUrdeQ4099Cu/9kPS/y81xGsDEGHHwJ8IXM
4cbKIz/wDyxZTwMPOgR2QK9qWatXMOKFOoL8FO8R9va4UiX88JHj+5PfBGu2t54rhqsHj4zG/i5K
nwT21Njh+BEE7PH0AAH9Zn/Hqt3yy5hqwt+XkD9t6fi85aS35SWvvcDaIy8IvrBrX+cf2bNelnB2
8/k1f17JVL1COKreFZL2dTtj7q9p6mxVgSkyy98VC3DzSdjplzv9ByrazfTGv9NLMt3TL9A9PhR3
peWg/aT92zvsAFkXlwhYEvILCWCpfm7g1lu7G8Oh01tyjfV6s7/OojdWLOOlGtknlxcXl80v5//5
0R3VsjxAl2Li8eATAhpzG3GReDj4dThQ/1vh/98Sng+p2R8YGvCfs/y2WN2qtcprvNNodG9pdm93
jMdFooglrot3wvyr1CqdzZ6C+jRbiFORqzvxih+Onm4kaB2JZ/rlaLtePRual7PZ9y8v3h3/BWBd
D+Do0++BfZpUOaDtQbeeL1R99IycaQRnNMKUZxpCYCCEfQgFi6oClB/o3bj3jv6x2MDFt9fnn19e
X3/4/P7y/JvPr9+9fHMlTp/vveY3H85fnn37AY9DgjbpQfvEOEw1Dp7de1OXW/F3GnQONjd0nX1l
OIbdjuaDfsSfD8C5loPEjTaY678tdUy/1xfIrzTg9QZiWcfLI+zQqa94qo41Xv4BXk9X7D+s53GJ
TCGWK2A1b2zfUfTXn9BfT/91+K/kv7bg147+CPivrd/w34T/Br3vk95ILHoA9YIxg4j0C/8BpES/
1rv9iWc5aW9Xhu6PezvpdfZMaL4q1qULbcNHx5qLwSEXQyPSvuo8rZdZZT0ntwDZzQcmeM8HDGLy
0DJgxrXMY5rNa3netDdvI0sY4IELoVl+q0qEjE8qxLb8R+79R+79R+79R+79R+79R+79/yH3NqRR
Zglkrotixd9zSe253dBw0PX1Bs7IGY+cPyfqFsOyqZdFWVFI3EEX10quCbrcZPQmGNkjm5614iEX
JssZDhK1UXlCi/GuKtL6rD+wlpwHtzjM5z1sVgVn1FfXLz9cf7zEwJ2K4OIJ52VdbyrwZ4EA2USj
uFj36D7pYCCY72XYO6IPEu8d4SBi5OzR3CfRmeDl/5DG32XuO7Iv319df/v+w7uzPcIHv4KmTRvh
WCSjRxSLcbyvKSQWWvCvipLWT0YuJAuQcNp7z6ssul+v+iMFSKiqvaFNvA/E+Pb+0C8A1H/muJuo
qFkwc13oyHAQxWuk3f1pSITBMCDeH1s2+Q1bv8trvVFAo+V2UxdmwKUBU0Du1jXlHtZJAckPXNv2
HAdFxHDwU8Wi7iZQHpLlaXEwBgbvjdSb/uMi2Xta771cymqPPEpQQd3ekqvLd3sCULdqlUSGMFuL
JFHpSguKWEd6uY60l+gvXRdlbZTXYZast5BMTruZb2I3lwayfaHm9R6/skWU5RLF8mzg0RhxXeWo
TfW2LXrI7vbAJMVnBn44qJWkP3q53Bd0xfpb7S1crzddTR2CLNpxU1TZfX9WCa6ycHcjCtInpV80
mt22WfsBnERkyfYlXy3XxZ7grrL1ZqW+u9gTTV3cqDz7ZV8dDqwFj4Ttgzl3KPMOBu+NdrTWsJUM
ysWjRxaUbdgBu/DB5MF+yurPa24McL47gFc3ykp6p3JVylXPs+1Hi2/eiCYv0jSLM7lCcSHgbMgA
ke7sTnFax4bxJluBazaUoPpMzt84OKSMdREX2GfsuNg1o3ZGEEXuZGz7kyjwpp6djKM0tidpMPGS
KAiUE9MEZTsWapaaWi+NQfFdljf3oouS1vXH19ablxdvv3ljvf4usP03F/ic2G8uRDiajGzLdyym
M4vFE3z/GDV53Yiri0tx+eH8/OLy+vPZ999g/SvxuszEy2YhhCtce+Y7MzsUH69f4cH1xf0k/Bz6
A+bgnstSbCp+p3vLzeeiavEkT0gPK/OAWAM9VOVnmGcpy0yxe5XJEvwp1Qn5FgtzTMvHIaAvwsCx
XS+dpipw1VSl0nWmkziSaaj8iZM403CiXG9Mm0eg8ubEuEcoLy1PsTy2pY+0zJl6QTQeR5NwEkxV
FLiulwSTJAztJHXYrUOqbBUncKmrCDy2buUqg7unbhtEcJMXd/kL84kVuaqXqlxAMtU6PolUUkKB
LMrpqWOlbq21RGAqX0QqsMeO7yk7AiahDKdhEE+d0HNSfxom43ESTsbpWH4R5E6H+mBjJQMZeIEz
mcbeJE7CyJNjP54EwTT14LAnqevEKgkegN1lYRb73h7M36uYGmapKiXLeMmiW8vNRj3OqN2GHUnR
iv42m0UJy7cq5GRryZoED/ki8BJP+k7sjWM1tSGlCPR4dpxI/GdPlO+7yTj2x4+DzqjKeQAZLgHu
7IUXxM4kQWGQxm7kuImcjL0xSEoiN/ZkEkrHB0+T5AA0e3UOqMb7hC/iOAWo6TSCOiV+MHF8Jb1g
6irXVpGK/Tgae0488fchPapaQGzkvQj98WTsh9NxGEaxlGMVTCaB67tqEsSuF7uBmsRBIN0DgMWK
YVBscV5I23ed1IGl2JEdh9B5206jqZsEU8+deMjC01BCjvsw+q0ZBjUGp2Kppv5k4nvhBGqlYhjg
1I+maTpOVeqAbW4SJ1P3ABTEinykNQKY4BSsmnrKH3vEmHHqB06gYnzEgUrtdOoEAfDzx3ISqkNQ
Omb6QEaFMBg3xnw7CGIYvus5UITYTZzxNJqGqW/7se17+xCMLyD22i+S2AHKcALTIPLgS2Ad0G+o
VjxJfC8OQxeMSaJ0H0Qe1R0E1w582x07cQQHQmfybhzBipNYjj0vDFMXJeXYTw840rMTa89Obn2Q
Np1OX0xlGDrIseCPQuUFEzUJJTiWJkEKWwy9GIo0gfD24ZbyRieM0GxIPlLueOLB1ThhBOcIK3bT
lFgF8cOegyn2GEfT8WNArGwTGyoduJUQ7EndOBzDZY0dlcD0k9hzp7E/hd8NggBSiOJ9QFVeFL/o
bAvlzAtIM5kqFdoxjHUcBIkThgkIgQOMJvhPTbwQPjngTGRdqS3p8S7LcJnfmOtPxqEfpVE0ST0Z
Sj9xpIoc2FkUBVByFHMw1x2Qpsl0PBqT1jm2N41iJ5XSDyLpwIZ8GMEUDA5dO/EmrorH9mRCy5fN
upKyXf/Qg1XbdVrk2xPKdytTEQ1uQxLgiyhwVDqxA5Az9Tw7GvvAM3BTRKZwDBw8qK3yQ68HZlOs
tgC1stoM/NYZeUQyzNdP0hR+dpLa7iT2CXYKzfKDNIC1+Y4dJdDCx2D18tsWXJq4rowCG/9gbJCB
o1zpOckkgI+S0p2O04myvVjXRp006TQEUJ4I6hwIfcDRlJLb88QBkRal2MuW5vkTcb2EmotK1TWQ
qIQslUDUEUWuKnyRtYhlnhe1iJTI8njVJCrBF6H7ACPEOJhFjaSAYF0Va0WN3fohzEqmaigKCmgV
gRQRsscbsS2a0sASWSqQ9mVpxjsguaDG72pLgL9Rdx24E9QIslnVlbgr8me1IMOUpUD9WsBz0AnD
aksYUmdc0323VLnQoQUARvN8nrfAZvNciCffLjnSirrALigeAMK0UcADZBcV1SSJfs2oan8pwM+V
qplfiMZZrIR2xzSyJsjgeKyslaTsfKFmIpWrStGLatnUCZTUMod+dIqgW0oiXiHbSuYDxuzlalXc
iVVWEbZtM1TcZlL8rVHllub8TF8s82omKH/lpbrBZdYI4CUoXxOQGJhC0JAcG1bSfF3hW93rHrJP
voWiQiPAV5kkAn5Rs5/YCobfiLWSVVPyqZ8A0yNFSIM56ucGSTjYtshuMfeW+tPiyGyKHPWYoOsd
lVWqDco6C2ynntcMr3nvb5p1BK5Aq15W2zy+ltUNBF/eQI9GPOEjuMWq3VJK05ZlkRcNpIfp1ZAW
rBKhaweyh6GgrBaEUD3AvLlTEY2tmxwaRFM08CsWL2iClpXFfQYNU2ADSGLNzTvkiLcGobcp6SrN
IZ0ciqx+BvbRwR2GElVTv49U5mCxOAINDezGZbYwGZahdMagDnVVsnKUTZ6TOBOqp4sNC4HLmmok
ztSt+S7W2WIJYy5Rig37xmcUhzhSls2m1qOaYcQY1NrK0MXChVFysp9og5C3RZYA7ccxIB0hnSvA
aGjXqKdolL7qSa3OzvO1wm5bbZNvVkUE5aHmktDjMIN1VpNpr9VC8rnRSFxpTtvM26wi0Lz8moR2
lzHjWaFgs3eWBtTqWMUEphkwhEMC8jnDSkul2i21jkNYDVmpWBSQU0FWSkpBGy0YTYtRmwmbqMDu
7IF1Of9/ngLq1v0W/ktZJv8a/lVdbBgF4z07lAy4SsB7bGRFbq9FiHZtsUIt6RvE2Ad8y0Zh8Kue
/RswZLNglMhhiLgp6QAVhq7uVdyw7y00ytogKVZ1s9V9rFRS7SjSfuv99flMXH/99kq8e3vx9lq8
vLx89/b8SlyefxDfvv/w1/MPQ4FJ4vo9Zp2Lb79+/+4c9f37V+dXV6NDD7DHDzcIDTsuVZkVHI/J
D1dEICon9sjMjc7XOuA9MoKEXQtPseAJlfayDOpVkYNO+GdoE9H7JWXTSna3pMAKnpAH0tMYsgYC
z7vz461xY4/3FEIozPOC0cPZpAum1QyxbVRM2YDmLKGr5arXdjRAvdSm2pHq2YbW6vhxlAzlnqF8
IcsIlmHtUll2QI9zl02N0DGrhFkF172WecO5Rx8T5GUNdPB42IaEQyVs1VBH1zQFLE3vemeCI/Fe
u3yt8EgeimaVdLhkiCF3udjhX2nAG0YfhIZIJDWt2O01O4sHMZJVR0PoaEvLYt3GWr3azLD6qtmX
MFFjJPlAN8QjKrWnHVdtvkgiK7ETqaFR5KRZb3RypTM4YV5Y9KKV1xlNMgsYd0azpQBPiPIwdvkI
gxGzEfewwy2UrKoaVem7CJVatMkmOS3abYfVsBWkThFMTjnS2NDUL/JpLe8t7vZXLe6v5IZGs3Wz
RohFdC0JuL7mAUEiTMtt6zp3fCV7Maxki3moY8i1NwYj3tCiJLhBzPU7iZ0V+tWhTlNqRF5Pw9eT
WxPSsMzEPmWcOOjjuo62M6DCqQqyR+IesNP5hYaykVSSCL1GU7ijDssMPzU97c40eZfsEgNXVAUY
uL8N6rf0cJ6j8ieBzUyIQGa2LFY6w4zo3hMn4oxyRbdGhAky7Nt04WPe6tASqS7X1OHtSV9K7Sty
q+W2JuBDYTk9AbLweGOrbpExIYC99i6N5QMVyiATTTmVMpzn02IMGrRG4mukgtClU87txKvLj0Os
BQ4R7OsuS6D2nCto79nBtxj+TIRt1r1LyCvmTj+lThoOIp2dURMTCPFLWFsew+zwKKiwymNYUtQg
SZJb6H7SxHvGKeh8cBcPe7v0S5R9QWnD7019IKlWRitZLti1SlMxPhTanrdcsS+Dq1EkI17N6dTS
3GnqeDJ8iASUkApWaBdYjCxF8TUqRlgDMkg9Smxf+o7NHp2KvHvy8pRxy9VIkFA+XuaXbe2xq4ep
tKKN7pBG0MJmk28s83xQ7F0YL1Rlv6iOa0Ray7KKEgCTQqKK0ebSSzX89lbX8Uhc/gM2845pKRdE
AlgNVlSbFWdwVG2vgTw5P1mS3r5aZZil2wd0hUBVtbi4/siYViCJyCY9onYFq/ZuO11rjVrfu64b
i1bNGNt+uQxtpPNW9n2poD4JckMk8C2ZNZ7SLB4JjtpLSUmRyNbgTU3OEtLgnwzBbWudhvhuGekl
cQJRiAMTUhbJ4c2YhE6tMLc2NkuUKN0uMa7fFJdn7zlpPHt79fIr5IucXzY5my8FsIYiBx++6qQp
I+M0l3KTfvm1o3Pn+/jUetbWsM+FQ7WrSeGXcN/8XpiORaV7LGQoeVXoZMZ4CIeAaaw1tFfLoqi4
D9OWrqptTnBUo76zqORtGz3xVVn6Hfeke10NIMYndDqJNS2qn4os1/0R5tQz8V1U3JMnLMXbM3H0
3ce3Z8eQO9wgcMD8O4iNBJOxQXNJWyaGPzodgzUUO9nlML/vvnrXwjflbm/kGW9Gp32cSLF4TWrG
tBVtw8ykFffAz6IbF6dFmvK2eJelW+u+yZKdQJif1n6v6pqbTdrU9K/TNA848hm7airT9CI3W+uw
Y9ZYes1MmOP3DiYyVTb7700coXoSmXO9ZXNbkD6mbFPyhmt9ue5SRNICagNoBTW4XV5QQlSZ7kkl
rInNBvEN68AbZtVa3igzo2tXklq06tvSiffs7oCjtTVVqs4DTIwzrKFEhu6wtYVmTrSuDvOpYTvr
NlN3VpdlPdbU1Brxcl005PJSnbAYDwg5t/pACRqVCNzOgs7Sd86wsPgD51u9xSytXOn2SaQ0MMPc
aiPv8jZwauhsDzS8n7lp8mmjjvwHO8kSeCN8tWaG/Vos6bMD6B002viUj+y7yhIlzB7UxZVQ9KqJ
+oQsKJnBDJXoFIYfuhSDO35GKWUcq5Xiik2bFe+6ym6wBfUr2AOuJJixKIu7eqn9J7aQYqmh9Zwr
9KWqdWrEyFrE9hY1aycDTdrbs6pHF4UHEp6GJvTpcUem6fy16aY+8ezzGfAsoCirqnvKYtV9p6ps
J6Bdy3HWBteRkIf6ZDzpncy41YDIptOLiFpnm2bV2rB5oGyA55gY5rm0IdeoRDrvROGf3CjyNVP9
0Yhpss5MHko9Ye586GGdxkH7Y4pK+WIXLpKdByaLs+h3GwdDnZfaHzaXN3oJBpyTpa+zdTOXEOZM
ozKiizCjrGCM4Xe3a6rcYaI19cDjaoc6xUzzXuzeMwnsc+ViUaqFafea3rDugdF995tD+hg/+JD3
Z+/pgqJlIpROVsiX3ildHkr+eQXtWDHiOwJ4bNQ7kEHS0HG+2dANNC2cB0yFQPV7o2FIy+hSBQfW
XvB7Recmqt9nRZa52iwlbEVRmCkJh7ZoQPhKVYmE2iJ/l1NkplltGNVBTO51bc0NmV7cb1AeIc1i
j9k6JgOOZazftzs8kKmmqi/UOlvvgplJDAgozSedp9hFMiTnTBtyO9osao8eRrsNzJv+Di3fHrTL
Y063qX0tSX3oFKWXwHATwJh9Ar7muhwTdNaXtO0/M7erErIFYkybOSD9Ths+7yDLI2SBe0zJcy6o
PuAsrcsDuDPeh0lpKvlQXcIdqdFixETiQS8aijPSLXyqOh4d97K5LN80dV9RvpRwmcCotVdbfa+5
2WKCsG90qG1jLs2g9vVlR3/LL0GmVmoKs7QDRNccmlKfAJLbbXt7OgQBnnHTbcKDpJjKQi06nYlV
phPBHQSd5JIsE4ioRA1/y6dw+CY3rWSFgaIJePJSkKJTVkHDnM1QTUQnnLSUCwWdaHeaQScxBshx
C0U/UkoCy04ES4+5QJVQSYESGnOIAqbHKH0wP9p2p3eHp7AwNvphz8i0wSiNMZTJXAPS3cOM7eOH
T6jWKWgiQT0CT5WOw2Ts2b3a7cxz5r3j4Rm14ecDjTQxrD0VlChK9c6RMjsnx1oEtGSGLVvUXrUc
agVqpg91/1JnvC37xfeQFbEbjpm3TI0ddlzSLiijwNNgxlFLxLHejfLpIScLpFMkM5raEkgoEO/p
wiHKphErKcOhdWRNTaUbslWxVtqWHzLFoEJLwJui1DvPzRVyGt6fotVBRhRFxQ8H3P3UEyGdlO7k
Rye4xsQY2FF1rOWW1ayNRuWpzMIs44axgfn2Sb+FVzES4QpJ0q+BDvelYu+GVGdPp3XZgSK8IT8P
hMjNPuU+Ex28MGrIXIBkO2conrrsiPXBDTXUye1oPOk8VyagG6gUGwD6hM3Fj90wyFb3PwrrufgR
r/mB191AEQj7JothMUBebiGOt9RW1PkwTQC4+UAD5McdLLPuR/FnfH90Kc2dD37skNTJHbakByL4
qdvuSpcVyAdQDf9TU5EuxwqzKGF+6v6pRWEHhYHD4yF9yxONEEPdH+5Q+y34ZvafGNVOdFQO7WRE
Bwp81WwrjmDrrC09DeKfzFXmIGrbGaT5rVNybET8FAZEgeTpU1TzT5+6Wn60U19+rQC78UcEOOy9
/lHrU1700D0VfCGtR4/RLFQhC+geJdoLvh7SU8MNpfjCEkfL7QZJ1rGQaW0aSxmKtnuNbr1hMwKy
NSmbpZE1o9QLFWObPjTCmLM3pHM4Pl+sevg67XGW6buarbWXJQQA6MeW2z2qTPFI9fG9uZex5/X1
qTmJEqCSoud9kB+plqCdFbDx6uq9q/D7t2f2gwyfPemigrI9VT9atwqNDUdMap/ymQUyp2yzUqZT
YNqHkq5/6315XH8FREpPfVvXsLsdZ+L1u5fXepA6k4qOI/9i7nAOg+k93FGuht49XYEecpX0F9MO
0vdT+ic9WjDEbYR/cxArG5MPrpBQxFuhf1rVlG091La3y+5mCyf7JOCVjPnmUNXyyWpvxdCPSLXj
fs1ZPm/F8/eAcPNM9H7kZ0YsbkL1ukP6l9Ja/pU5GYhvqJdacb8XRUeUrah3on/Q2uoJ/3B3pSs4
nZ5oKhk+3RrvyiS6KXYoVLrbdbkTsf7VO99wmudPruAd6CK45wjbntnOzA7ExdVf+SI4XXfiX6tR
CDu9eHV5TmnlqGyEvnI0z9dFnZzOG9uW4+ji8nymvyavCuomCv2UHl1TJaCXHHcwKYU8daYOFaHm
UIWPqU9d259cQLOXWa0sin+nNpV0OWrfuOvuyXiZKf3/C6hOC7qYxa0Oujqt875TJwRceW8WVKeO
Q2BIta10RXdaqIXWrpN5tgYDe5DWRaQf6QSCflVAWOhrWd0IA6ADdrqHo582txtelWTU7YXlbE+h
xp0ZdNXuadukY9ayBe3adirpXlMRcUo/bZnnJmXna1unOvE1QyWCrN6evo3IYwFicvof/M/UkRT5
GTVkXHwX3NDE8EZ9aWggvYGexG5DHvS6vbMNhnjvva4Ys7/XraSmpLnNdlo2cCKDX/8b0olD9g==
===END CRASH DUMP===
