PocketMine-MP-NG unofficial by MPE Crash Dump Tue Sep 10 08:27:27 UTC 2024

PocketMine-MP-NG unofficial by MPE version: 5.18.1+dev [Protocol 712]
Git commit: 5bb287048b53930d7bfc08f583db55e1c5bb2e01-dirty
PHP version: 8.2.17
OS: Linux, linux

THIS CRASH WAS CAUSED BY A PLUGIN
BAD PLUGIN: MPEBanSystem

Thread: Main
Error: PDO::__construct(file:////home/xackigiff/MPE/DevSpace/plugin_data/MPEBanSystem//userdata.db): Failed to open stream: No such file or directory
File: plugins/MPEBanSystem/src/provider/SQLite3Provider
Line: 32
Type: ErrorException
Backtrace:
#0 (): pocketmine\errorhandler\ErrorToExceptionHandler::handle(int 2, string[142] PDO::__construct(file:////home/xackigiff/MPE/DevSpace/plugin_data/MPEBanSystem//, string[82] /home/xackigiff/MPE/DevSpace/plugins/MPEBanSystem/src/provider/SQLite3Provider.p, int 32)
#1 plugins/MPEBanSystem/src/provider/SQLite3Provider(32): PDO->__construct(string[78] uri:file:////home/xackigiff/MPE/DevSpace/plugin_data/MPEBanSystem//userdata.db, null, object SensitiveParameterValue#62081, array[1])
#2 plugins/MPEBanSystem/src/provider/Provider(37): XackiGiFF\MPEBanSystem\provider\SQLite3Provider->__construct(string[54] /home/xackigiff/MPE/DevSpace/plugin_data/MPEBanSystem/)
#3 plugins/MPEBanSystem/src/MPEBanSystem(24): XackiGiFF\MPEBanSystem\provider\Provider::initProvider(string[54] /home/xackigiff/MPE/DevSpace/plugin_data/MPEBanSystem/, string[7] sqlite3)
#4 pmsrc/src/plugin/PluginBase(119): XackiGiFF\MPEBanSystem\MPEBanSystem->onEnable()
#5 pmsrc/src/plugin/PluginManager(454): pocketmine\plugin\PluginBase->onEnableStateChange(true)
#6 pmsrc/src/Server(1448): pocketmine\plugin\PluginManager->enablePlugin(object XackiGiFF\MPEBanSystem\MPEBanSystem#50931)
#7 pmsrc/src/Server(1079): pocketmine\Server->enablePlugins(object pocketmine\plugin\PluginEnableOrder#50914)
#8 pmsrc/src/PocketMine(355): pocketmine\Server->__construct(object pocketmine\thread\ThreadSafeClassLoader#2, object pocketmine\utils\MainLogger#6, string[29] /home/xackigiff/MPE/DevSpace/, string[37] /home/xackigiff/MPE/DevSpace/plugins/)
#9 pmsrc/src/PocketMine(378): pocketmine\server()
#10 /home/xackigiff/MPE/DevSpace/PocketMine-MP.phar(168): require(string[72] phar:///tmp/PocketMine-MP-phar-cache.0/PMMPj2Fmjn.tar/src/PocketMine.php)

Code:
[23] 
[24]         $dsn = self::$config->getNested('user-data.dsn') ?? "userdata.sqlite3";
[25] 
[26]         $options = [
[27]             PDO::SQLITE_ATTR_OPEN_FLAGS => PDO::SQLITE_OPEN_READWRITE,
[28]         ];
[29] 
[30]         try {
[31]             $logger->alert("uri:file:///" . $path . '/' . $dsn);
[32]             self::$DB = new PDO("uri:file:///" . $path . '/' . $dsn, null, null, $options);
[33]         }
[34]         catch(PDOException $e) {
[35]             $logger->critical("Ошибка с хранением базы данных! Причина: " . $e->getMessage());
[36]         }
[37] 
[38]         $this->type = "sqlite3";
[39]         self::$instance = $this;
[40]         parent::__construct();
[41]     }
[42] 

Loaded plugins:
DevTools 1.17.1+dev by PocketMine Team for API(s) 5.0.0
MPEBanSystem 0.0.1 by  for API(s) 5.18.1

uname -a: Linux xackigiff-TUF-GAMING-FX504GM-FX80GM 6.8.0-41-generic #41-Ubuntu SMP PREEMPT_DYNAMIC Fri Aug  2 20:41:06 UTC 2024 x86_64
Zend version: 4.2.17
Composer libraries: 
- adhocore/json-comment 1.2.1@651023f9fe52e9efa2198cbaf6e481d1968e2377
- brick/math 0.12.1@f510c0a40911935b77b86859eb5223d58d660df1
- daverandom/callback-validator unknown@unknown
- nethergamesmc/bedrock-data dev-master@be507143e0ba406a6965c91631f496d77d687f7a
- nethergamesmc/bedrock-protocol dev-master@cea5a535189c38cd6b3a74c8559f33118f21ced5
- nethergamesmc/pocketmine-mp dev-master@5bb287048b53930d7bfc08f583db55e1c5bb2e01
- netresearch/jsonmapper unknown@unknown
- pocketmine/bedrock-block-upgrade-schema 4.3.0@53d3a41c37ce90d58b33130cdadad08e442d7c47
- pocketmine/bedrock-item-upgrade-schema 1.11.0@35c18d093fc2b12da8737b2edb2c3ad6a14a53dd
- pocketmine/binaryutils 0.2.6@ccfc1899b859d45814ea3592e20ebec4cb731c84
- pocketmine/callback-validator 1.0.3@64787469766bcaa7e5885242e85c23c25e8c55a2
- pocketmine/color 0.3.1@a0421f1e9e0b0c619300fb92d593283378f6a5e1
- pocketmine/errorhandler 0.7.0@cae94884368a74ece5294b9ff7fef18732dcd921
- pocketmine/locale-data 2.19.6@93e473e20e7f4515ecf45c5ef0f9155b9247a86e
- pocketmine/log 0.4.0@e6c912c0f9055c81d23108ec2d179b96f404c043
- pocketmine/math 1.0.0@dc132d93595b32e9f210d78b3c8d43c662a5edbf
- pocketmine/nbt 1.0.0@20540271cb59e04672cb163dca73366f207974f1
- pocketmine/netresearch-jsonmapper v4.4.999@9a6610033d56e358e86a3e4fd5f87063c7318833
- pocketmine/raklib 1.1.1@be2783be516bf6e2872ff5c81fb9048596617b97
- pocketmine/raklib-ipc 1.0.1@ce632ef2c6743e71eddb5dc329c49af6555f90bc
- pocketmine/snooze 0.5.0@a86d9ee60ce44755d166d3c7ba4b8b8be8360915
- ramsey/collection 2.0.0@a4b48764bfbb8f3a6a4d1aeb1a35bb5e9ecac4a5
- ramsey/uuid 4.7.6@91039bc1faa45ba123c4328958e620d382ec7088
- rhumsaa/uuid unknown@unknown
- symfony/filesystem v6.4.9@b51ef8059159330b74a4d52f68e671033c0fe463
- symfony/polyfill-ctype v1.30.0@0424dff1c58f028c451efff2045f5d92410bd540
- symfony/polyfill-mbstring v1.30.0@fd22ab50000ef01661e2a31d850ebaa297f8e03c

----------------------REPORT THE DATA BELOW THIS LINE-----------------------

===BEGIN CRASH DUMP===
eNrtXHlz28iV/yod2lWWNgSFm0dKXnss2XHFshVL3pnU0OVpAA0SIxJgcEhiUvnu+3uvGyBIyRNn
M3/sbo2nSiQa3a/ffXVz/j5Ii3It6y+3qqyyIh/M/OGgztZqMHPGbjANwok/HgVjO/Cd4aDZ6Ff2
KJxM3Ik7DcPQ8cbhNBgOVrKqz8uyKAezvw/q7QbTBvx8fh8rrAPs4WCtqkou6NXl2YfZ7MuXuMir
umzi+ijNVmp2gn/LYq1O7mV8ky2yND25uDw/OVO3VxsZq5PNqllk+ZdE1pJefCfzq21Vq/XJSVOp
koZHSXQ8E68loCWiLkSxUbnAFkquZ+J9IaomXgraSxSlSLJSxXVRboFa2qxWrzEO3L4BhWp/+6qM
TzZlcZslqjy5+vO7rFbepXkebZYbgq9h/8vLsXSV5VjquZBMCRQGsx8HT2xxBDo3RXyj6jXez+eK
mL2UebJS5XzOrL8uOub/Ub+YzfSMoyyvhTskzmT54kfHdz+LX1skHfQJgP/aPB0KosBzj8GfJ474
lyEcYemMSLae90k2GI8nn0VTZrNfTymHIoeCDUUR/QyVE1cqr7I6u1WXspRrVavyv+SqUU9C1544
QyHLUm5/dD4zde43ULcjawyyfiBE32SvX8/n/SXzeTt/Pj9gx6NcCPxvktsjlDPe3tfx7g8cuf63
odziOptleVZ3FP/byHZ6Ov4sqr+uiC2Mvy82a0KWGc2LTy754ztZqSPHmf4S2v0n63mRn+cygtkx
4OBrgC9kDu9YHvmBf2Dcehp40CGwA3pVy1q9gl0v1BHkp3iPsLfHlSrh3o8c35/8IlizvfVcMVw9
eGQ09psofRLYU89hBMaPIGCPpwcI6Df7O1btll/HVBP+oYT8aUvH5y0nvS0vee0F1h55QfCVXfs6
/8ie9RJhI5nPr/nzSqbqFaJc9a6QtK/bGXN/TVNnqwpMkVn+rliAm0/CTr/c6T9R0W6mN/5Gj8l0
T79C9/hQ3JWWg/aZ9i/vsANkXVwihknILySApfprg7jZuUo4d3pLbrJeb/bXWfTGimW8VCP75PLi
4vJn9/X653xUy/IAXQqTx4PPiHHMbYRK4uHgH8OB+r+cVfwqUf+QI/sDQwP+S5bfFqtbtVZ5jXca
je4tze7tjvG4SBSx1fXwDs+uj09h/j1Nqlycikqt0tnsKRiaZgvr+ULV7xWWJ0fPiDWW5k2VPzsW
//mfYj7o+GX86HzwBwIcmA3C/gYFi6/CJj/Su3HvHf1jUYIrb6/Pv7y8vv745cPl+fsvr9+9fHMl
Tp/vveY3H89fnn3/EY9DgjbpQfvMOEw1Dp7de1OXW/F3GnQONn+6Ytu1nkvkTPURCOslA/OBGImn
G1kv8fns5Bk9gQfHtI3nHkAyDDz7DnTm6o7w/jZwbcKg/7bc0pt4vU3+QQN9ycWyjpdH2KczEfFU
HWs6g6/RGZfIRmK5Am7zxvYdRX/9Cf319F+H/0r+awt+7eiPgP/a+g3/Tfhv0Ps+6Y3EogdQLxgz
iEi/8B9ASvRrvdvveJaT9nZl6P64t5NeZ8+E5q5i1b3QfuLoWHMxPOTi2KhIX3me1sussp6T64EE
54M9xfamvZlG0jDzWuYxzea1NM/vK91GljDQfTfFCPmtFhIyPikS2/pvKf9vKf9vKf9vKf9vKf9v
Kf//05TfkEbJKJC5LooVf88lNRt3Q8NB16UcOCNnPHJ+n6hbDMumXhZlRVFyB11cIzsn6HKT0Ztg
ZI9setaKh/SZLGc4SBSS+YQW411VpPVZf2AtOXVucZjPe9isCk7Cr65ffrz+dImBOxXBxRPOy7re
VODPIquXTTSKi3WP7pMOBuL7XlK+I/ogV98RDiJGzh7NfRKdCV7+D2n8JnPfkX354er6+w8f353t
ET74B2jatBGORTJ6RLEYx/uaQmKhBf+qKGn9ZORCsgAJp733vMqi+/WqP0JFWFXtDW3ifSDGt/eH
/gZA/WeOu4mKmgUz14WODAdRvEY+3p+G3BgMA+L9sWWT37D1u7zWGwU0Wm43dWEGXBowdetuXVPu
YZ0UkPzAtW3PcVCnDAc/VyzqbgLlJFmeFgdjYPDeSL3pPy6Svaf13sulrPbIo5wV1O0tubp8tycA
datWSWQIs7VIEpWutKCIdaSX60h7if7SdVHWRnkdZsl6C8nktJv5JnZzaSDbF2pe7/ErW0RZLlFf
zwYejRHXVY5yVm/boodMbw9MUnxh4IeDWkn6o5fLfUFXrL/V3sL1etOV4SHIoh03RZXd92eV4CoL
dzeiIH1S+kWj2W2btR/BSUSWbF/y1XJd7AnuKltvVuqHiz3R1MWNyrO/7avDgbXgkbB9MOcOld/B
4L3RjtYatpJBuXj0yIKyDTtgFz6YPNjPWf1lzb0EzncH8OpGWUnvVK5Kuep5tv1o8f6NaPIiTbM4
kysRbQWcDRkg0p3dmVTr2DDeZCtwzYYSVF/I+RsHh5SxLuIC+4wdF7tm1AEJosidjG1/EgXe1LOT
cZTG9iQNJl4SBYFyYpqgbMdKsrKmbk1jUHyX5c296KKkdf3ptfXm5cXb92+s1z8Etv/mAp8T+82F
CEeTkW35jsV0ZrF4gu+foiavG3F1cSkuP56fX1xefzn7y3usfyVel5l42SyEcIVrz3xnZofi0/Ur
PLi+uJ+EX0J/wBzcc1mKTcXvdG+5+VJULZ7kCelhZR4Qa6CHqvwC8yxlmSl2rzJZgj+lOiHfYmGO
6RI5BPRFGDi266XTVAWumqpUus50EkcyDZU/cRJnGk6U641p8whU3pwY9wjlpeUplse29JGWOVMv
iMbjaBJOgqmKAtf1kmCShKGdpA67dUiVreIELnUVgcfWrVxlcPfU5IMIbvLiLn9hPrEiV/VSlQtI
plrHJ5FKSigQd56oyaVurbVEYCpfRCqwx47vKTsCJqEMp2EQT53Qc1J/GibjcRJOxulYfhXkTof6
YGMlAxl4gTOZxt4kTsLIk2M/ngTBNPXgsCep68QqCR6A3WVhFvveHsxvVUwNs1SVkmW8ZNGt5Waj
HmfUbsOOpGhFf5vNooTlWxVysrVkTYKHfBF4iSd9J/bGsZrakFIEejw7TiT+syfK991kHPvjx0Fn
VOU8gAyXAHf2wgtiZ5KgMEhjN3LcRE7G3hgkJZEbezIJpeODp0lyAJq9OgdU433CF3GcAtR0GkGd
Ej+YOL6SXjB1lWurSMV+HI09J574+5AeVS0gNvJehP54MvbD6TgMo1jKsQomk8D1XTUJYteL3UBN
4iCQ7gHAYsUwKLY4L6Ttu07qwFLsyI5D6Lxtp9HUTYKp5048ZOFpKCHHfRj9bg2DGoNTsVRTfzLx
vXACtVIxDHDqR9M0HacqdcA2N4mTqXsACmJFPtIaAUxwClZNPeWPPWLMOPUDJ1AxPuJApXY6dYIA
+PljOQnVISgdM30go0IYjBtjvh0EMQzf9RwoQuwmzngaTcPUt/3Y9r19CMYXEHvtF0nsAGU4gWkQ
efAlsA7oN1QrniS+F4ehC8YkUboPIo/qDoJrB77tjp04ggOx/XDsxhGsOInl2PPCMHVRUo799IAj
PTux9uzk1gdp0+n0xVSGoYMcC/4oVF4wUZNQgmNpEqSwxdCLoUgTCG8fbilvdMIIzYbkI+WOJx5c
jRNGcI6wYjdNiVUQP+w5mGKPcTQdPwbEyjaxodKBWwnBntSNwzFc1thRCUw/iT13GvtT+N0gCCCF
KN4HVOVF8TedbaGceQFpJlOlQjuGsY6DIHHCMAEhcIDRBP+piRfCJweciawrtSU93mUZLvMbc/3J
OPSjNIomqSdD6SeOVJEDO4uiAEqOYg7mugPSNJmOR2PSOsf2plHspFL6QSQd2JAPI5iCwaFrJ97E
VfHYnkxo+bJZV1K26x96sGq7Tot8e0L5bmUqosFtSAJ8EQWOSid2AHKmnmdHYx94Bm6KyBSOgYMH
tVV+6PXAbIrVFqBWVpuB3zojj0iG+fpJmsLPTlLbncQ+wU6hWX6QBrA237GjBFr4GKxeftuCSxPX
lVFg4x+MDTJwlCs9J5kE8FFSutNxOlG2F+vaqJPmaMtp1RNBnQOhj1iaUnLHns+S0qIUe9nSPH8i
rpdQc1GpugYSlZClEog6oshVhS+yFrHM86IWkRJZHq+aRCX4InQfYIQYB7OokRQQrKtijZUpATiE
WclUDUVBAa0ikCJC9ngjtkVTGlgiSwXSvizNeAckF3TetNoS4PfqrgN3ghpBNqu6EndF/qwWZJiy
FKhfC3gOOnRYbQlDapZruu+WKhc6tADAaJ7P8xbYbJ4L8eT7JUdaOomrkBsJgDBtFPAA2UVFNUmi
XzOq2l/S4dxK1cwvROMsVkK7YxpZE2RwPFbWSlJ2vlAzkcpVpehFtWzqBEpqmbNGOljQLSURr5Bt
JfMBY/ZytSruxCqrCNu2GSpuMyn+3KhyS3P+Sl8s82omKH/lpbrBZdYI4CUoXxOQGJhC0JAcG1bS
fF3hW93rHrJPvoeiQiPAV5kkAn5Rs5/YCobfiLWSVVPyQaEA0yNFSIM56q8NknCwbZHdYu4t9afF
kdkUOeoxQdc7KqtUG5R1FthOPa8ZXvPe75t1BK5Aq15W2zy+ltUNBF/eQI9GPOETuMWq3VJK05Zl
kRcNpIfp1ZAWrBKhaweyh6GgrBaEUD3AvLlTEY2tmxwaRFM08CsWL2iClpXFfQYNU2ADSGLNzTvk
iLcGobcp6SrNIZ0ciqx+BvbR2SCGElVTv49U5mCxOAINDezGZbYwGZahdMagDnVVsnKUTZ6TOBOq
p4sNC4HLmmokztSt+S7W2WIJYy5Rig37xmcUhzhSls2m1qOaYcQY1NrK0MXChVFysp9og5C3RZYA
7ccxIB0hnSvAaGjXqKdolL7qSa3OzvO1wm5bbZNvVkUE5aHmktDjMIN1VpNpr9VCRtsaDBdXmtM2
8zarCDQvvyah3WXMeFYo2OydpQG1OlYxgWkGDOGQgHzOsNJSqXZLreMQVkNWKhYF5FSQlZJS0EYL
RtNi1GbCJiqwO3tgXc7/r6eAunW/hP9Slsm/h39VFxtGwXjPDiUDrhLwHhtZkdtrEaJdW6xQS/oG
MfYB37NRGPyqZ78ChmwWjBI5DBE3JZ2pwtDVvYob9r2FRlkbJMWqbra6j5VKqh1F2m99uD6fies/
vr0S795evL0WLy8v3709vxKX5x/F9x8+/un841Bgkrj+gFnn4vs/fnh3jvr+w6vzq6vRoQfY44cb
hIYdl6rMCo7H5IcrIhCVE3tk5kbnax3wHhlBwq6Fp1jwhEp7WQb1qshBJ/wztIno/ZqyaSW7W/Ll
lJymmc0YsgYCz7vz461xY48PFEIozPOC0cPZpAum1QyxbVRM2YDmLKGr5arXdjRAvdSm2pHq2YbW
6vhxlAzlnqF8IcsIlmHtUll2QI9zl02N0DGrhFkF172WecO5Rx8T5GUNdPB42IaEQyVs1VBH1zQF
LE3vemeCI/FBu3yt8EgeimaVdLhkiCF3udjhX2nAG0YfhIZIJDWt2O01O4sHMZJVR0PoaEvLYt3G
Wr3azLD6qtmXMFFjJPlAN8QjKrWnHVdtvkgiK7ETqaFR5KRZb3RypTM4YV5Y9KKV1xlNMgsYd0az
pQBPiPIwdvkIgxGzEfewwy2UrKoaRY6hXkJqizbZJKdFu+2wGraC1CmCySlHGhua+lU+reW9xd3+
qsX9ldzQaLZu1gixiK5078vc/IAgEabltnWdO76SvRhWssU81DHk2huDEW9oURLcIOb6ncTOCv3q
UKcpNSKvp+Hrya0JaVhmYp8yThz0cV1H2xlQ4VQF2SNxD9jp/EJD2UgqSYReoyncUYdlhp+annZn
mrxLdomBK6oCDNxfBvVLejjPUfmTwGYmRCAzWxYrnWFGdBWKE3FGuaIbJMIEGfZtuvAxb3VoiVSX
a+rw9qQvpfYVudVyWxPwobCcngBZeLyxVbfImBDAXnuXxvKBCmWQiaacShnO82kxBg1aI/FHpILQ
pVPO7cSry09DrAUOEezrLkug9pwraO/ZwbcY/kyEbda9S8gr5k4/pU4aDiKdnVETEwjxS1hbHsPs
8CiosMpjWFLUIEmSW+h+0sR7xinofHAXD3u79EuUfUFpw+9NfSCpVkYrWS7YtUpTMT4U2p63XLEv
g6tRJCNezenUkjDtFynDh0hACalghXaBxchSFN+sYoQ1IIPUo8T2pe/Y7NGpyLsnL08Zt1yNBAnl
02V+2dYeu3qYSiva6A5pBC1sNvnGMs8Hxd6F8UJV9jfVcY1Ia1lWUQJgUkhUMdpceqmGP3X1ouOR
uPwnbOYd01IuiASwGqyoNivO4KjaXgN5cn6yJL19tcowS7cP6AqBqmpxcf2JMa1AEpFNekTtClbt
3Xa61hq1vnddNxatmjG2/XIZ2kjnrez7UkF9EuSGSOBbMms8pVk8Ehy1l5KSIpGtwZuanCWkwT+A
gtvWOg3x3TLSS+IEohAHJqQsksObMQmdWmFubWyWKFG6XWJcvykuzz5w0nj29urld8gXOb9scjZf
CmANRQ4+fNVJU0bGae7xJv3ya0fnzvfxqfWsrWGfC4dqV5PCL+G++b0wHYtK91jIUPKq0MmM8RAO
AdNYa2ivlkVRcR+mLV1V25zgqEZ9Z1HJ2zZ64quy9DvuSfe6GkCMT+h0EmtaVD8XWa77I8ypZ+KH
qLgnT1iKt2fi6IdPb8+OIXe4QeCA+XcQGwkmY4PmkrZMDH90OgZrKHayy2F+P3z3roVvyt3eyDPe
jE77OJFi8ZrUjGkr2oaZSSvugZ9FNy5OizTlbfEuS7fWfZMlO4EwP639XtU1N5u0qenf2mkecOQz
dtVUpulFbrbWYcessfSamTDH7x1MZKps9n8xcYTqSWTO9ZbNbUH6mLJNyRuu9eW6SxFJC6gNoBXU
4HZ5QQlRZbonlbAmNhvEe9aBN8yqtbxRZkbXriS1aNW3pRPv2d0BR2trqlSdB5gYZ1hDiQzdYWsL
zZxoXR3mU8N21m2m7qwuy3qsqak14uW6aMjlpTphMR4Qcm71gRI0KhG4nQWdpe+cYWHxR863eotZ
WrnS7ZNIaWCGudVG3uVt4NTQ2R5oeD9z0+TTRh35D3aSJfBG+GrNDPu1WNJnB9A7aLTxKR/Zd5Ul
Spg9qIsroehVE/UJWVAygxkq0SkMP3QpBnf8jFLKOFYrxRWbNivedZXdYAvqV7AHXEkwY1EWd/VS
+09sIcVSQ+s5V+hLVevUiJG1iO0tatZOBpq0t2dVjy4KDyQ8DU3o0+OOTNP5a9NNfeLZ5zPgWUBR
VlX3lMWq+05V2U5Au5bjrA2uIyEP9cl40juZcasBkU2nFxG1zjbNqrVh80DZAM8xMcxzaUOuUYl0
3onCP7lR5Gum+qMR02SdmTyUesLc+dDDOo2D9scUlfLFLlwkOw9MFmfRTz0OhjovtT9sLm/0Egw4
J0tfZ+tmLiHMmUZlRBdhRlnBGMPvbtdUucNEa+qBx9UOdYqZ5r3YvWcS2OfKxaJUC9PuNb1h3QOj
K/A3h/QxfvAhH84+0AVFy0QonayQL71TujyU/LsL2rFixHcE8NiodyCDpKHjfLOhG2haOA+YCoHq
90bDkJbRpQoOrL3g94rOTVS/z4osc7VZStiKojBTEg5t0YDwlaoSCbVF/i6nyEyz2jCqg5jc69qa
GzK9uN+gPEKaxR6zdUwGHMtYv293eCBTTVVfqHW23gUzkxgQUJpPOk+xi2RIzpk25Ha0WdQePYx2
G5g3/R1avj1ol8ecblP7WpL60ClKL4HhJoAx+wR8zXU5JuisL2nbf2ZuVyVkC8SYNnNA+p02fN5B
lkfIAveYkudcUH3AWVqXB3BnvA+T0lTyobqEO1KjxYiJxINeNBRnpFv4VHU8Ou5lc1m+aeq+onwt
4TKBUWuvtvpec7PFBGHf6FDbxlyaQe3ry47+ll+CTK3UFGZpB4iuOTSlPgEkt9v29nQIAjzjptuE
B0kxlYVadDoTq0wngjsIOsklWSYQUYka/pZP4fBNblrJCgNFE/DkpSBFp6yChjmboZqITjhpKRcK
OtHuNINOYgyQ4xaKfqSUBJadCJYec4EqoZICJTTmEAVMj1H6YH607U7vDk9hYWz0W5+RaYNRGmMo
k7kGpLuHGdvHj59RrVPQRIJ6BJ4qHYfJ2LN7tduZ58x7x8MzasPPBxppYlh7KihRlOqdI2V2To61
CGjJDFu2qL1qOdQK1Ewf6v6lznhb9ou/QFbEbjhm3jI1dthxSbugjAJPgxlHLRHHejfKp4ecLJBO
kcxoaksgoUC8pwuHKJtGrKQMh9aRNTWVbshWxVppW37IFIMKLQFvilLvPDdXyGl4f4pWBxlRFBU/
HnD3c0+EdFK6kx+d4BoTY2BH1bGWW1azNhqVpzILs4wbxgbm22f9Fl7FSIQrJEm/Bjrcl4q9G1Kd
PZ3WZQeK8Ib8PBAiN/uU+0x08MKoIXMBku2coXjqsiPWBzfUUCe3o/Gk81yZgG6gUmwA6DM2Fz91
wyBb3f8krOfiJ7zmB153A0Ug7JsshsUAebmFON5SW1HnwzQB4OYDDZAfd7DMup/E7/H90aU0dz74
qUNSJ3fYkh6I4KduuytdViAfQDX8z01FuhwrzKKE+an7uxaFHRQGDo+H9C1PNEIMdX+4Q+2X4JvZ
v2NUO9FRObSTER0o8FWzrTiCrbO29DQICUu2qsxB1LYzSPNbp+TYiPgpDIgCydOnqOafPnW1/Gin
vvxaAXbjjwhw2Hv9k9anvOiheyr4QlqPHqNZqEIW0D1KtBd8PaSnhhtK8YUljpbbDZKsYyHT2jSW
MhRt9xrdesNmBGRrUjZLI2tGqRcqxjZ9aIQxZ29I53B8vlj18HXa4yzTdzVbay9LCADQTy23e1SZ
4pHq43tzL2PP6+tTcxIlQCVFz/sgP1ItQTsrYOPV1XtX4fdvz+wHGT570kUFZXuqfrRuFRobjpjU
PuUzC2RO2WalTKfAtA8lXf/W+/K4/gqIlJ76tq5hdzvOxOt3L6/1IHUmFR1H/sHc4RwG03u4o1wN
vXu6Aj3kKukPph2k76f0T3q0YIjbCP/mIFY2Jh9cIaGIt0L/tKop23qobW+X3c0WTvZJwCsZ882h
quWT1d6KoZ/Qa8f9mrN83orn7wHh5pno/cjPjFj6d+m77pD+8bSWf2VOBuIb6qVW3O9F0RFlK+qd
sJl0esK/5V3pCk6nJ5pKhk+3xrsyiW6KHQqV7nZd7kT8ijsmfMNpnj+5gnegi+CeI2x7ZjszOxAX
V3/ii+B03Yl/rUYh7PTi1eU5pZWjshH6ytE8Xxd1cjpvbFuOo4vL85n+mrwqqJso9FN6dE2VgF5y
3MGkFPLUmTpUhJpDFT6mPnVtf3IBzV5mtbIo/p3aVNLlqH3jrrsn42Wm9P9ioDot6GIWtzro6rTO
+06dEHDlvVlQnToOgSHVttIV3WmhFlq7TubZGgzsQVoXkX6kEwj6VQFhoa9ldSMMgA7Y6R6Oftrc
bnhVklG3F5azPYUad2bQVbunbZOOWcsWtGvbqaR7TUXEKf20ZZ6blJ2vbZ3qxNcMlQiyenv6NiKP
BYjJ6X/wP1NHUuRn1JBx8V1wQxPDG/WloYH0BnoSuw150Ov2zjYY4r33umLM/l63kpqS5jbbadnA
iQz+8d+DpY78
===END CRASH DUMP===
