PocketMine-MP-NG unofficial by MPE Crash Dump Tue Sep 10 08:24:54 UTC 2024

PocketMine-MP-NG unofficial by MPE version: 5.18.1+dev [Protocol 712]
Git commit: 5bb287048b53930d7bfc08f583db55e1c5bb2e01-dirty
PHP version: 8.2.17
OS: Linux, linux

THIS CRASH WAS CAUSED BY A PLUGIN
BAD PLUGIN: MPEBanSystem

Thread: Main
Error: PDO::__construct(): Read of 8192 bytes failed with errno=21 Is a directory
File: plugins/MPEBanSystem/src/provider/SQLite3Provider
Line: 31
Type: ErrorException
Backtrace:
#0 (): pocketmine\errorhandler\ErrorToExceptionHandler::handle(int 8, string[74] PDO::__construct(): Read of 8192 bytes failed with errno=21 Is a directory, string[82] /home/xackigiff/MPE/DevSpace/plugins/MPEBanSystem/src/provider/SQLite3Provider.p, int 31)
#1 plugins/MPEBanSystem/src/provider/SQLite3Provider(31): PDO->__construct(string[67] uri:file:////home/xackigiff/MPE/DevSpace/plugin_data/MPEBanSystem//, null, object SensitiveParameterValue#62081, array[1])
#2 plugins/MPEBanSystem/src/provider/Provider(37): XackiGiFF\MPEBanSystem\provider\SQLite3Provider->__construct(string[54] /home/xackigiff/MPE/DevSpace/plugin_data/MPEBanSystem/)
#3 plugins/MPEBanSystem/src/MPEBanSystem(24): XackiGiFF\MPEBanSystem\provider\Provider::initProvider(string[54] /home/xackigiff/MPE/DevSpace/plugin_data/MPEBanSystem/, string[7] sqlite3)
#4 pmsrc/src/plugin/PluginBase(119): XackiGiFF\MPEBanSystem\MPEBanSystem->onEnable()
#5 pmsrc/src/plugin/PluginManager(454): pocketmine\plugin\PluginBase->onEnableStateChange(true)
#6 pmsrc/src/Server(1448): pocketmine\plugin\PluginManager->enablePlugin(object XackiGiFF\MPEBanSystem\MPEBanSystem#50931)
#7 pmsrc/src/Server(1079): pocketmine\Server->enablePlugins(object pocketmine\plugin\PluginEnableOrder#50914)
#8 pmsrc/src/PocketMine(355): pocketmine\Server->__construct(object pocketmine\thread\ThreadSafeClassLoader#2, object pocketmine\utils\MainLogger#6, string[29] /home/xackigiff/MPE/DevSpace/, string[37] /home/xackigiff/MPE/DevSpace/plugins/)
#9 pmsrc/src/PocketMine(378): pocketmine\server()
#10 /home/xackigiff/MPE/DevSpace/PocketMine-MP.phar(168): require(string[72] phar:///tmp/PocketMine-MP-phar-cache.0/PMMPefW3dT.tar/src/PocketMine.php)

Code:
[22]         self::$config = new Config($path . 'config.yml', Config::YAML);
[23] 
[24]         $dsn = self::$config->get('user-data.dsn');
[25] 
[26]         $options = [
[27]             PDO::SQLITE_ATTR_OPEN_FLAGS => PDO::SQLITE_OPEN_READWRITE,
[28]         ];
[29] 
[30]         try {
[31]             self::$DB = new PDO("uri:file:///" . $path . '/' . $dsn, null, null, $options);
[32]         }
[33]         catch(PDOException $e) {
[34]             $logger->critical("Ошибка с хранением базы данных! Причина: " . $e->getMessage());
[35]         }
[36] 
[37]         $this->type = "sqlite3";
[38]         self::$instance = $this;
[39]         parent::__construct();
[40]     }
[41] 

Loaded plugins:
DevTools 1.17.1+dev by PocketMine Team for API(s) 5.0.0
MPEBanSystem 0.0.1 by  for API(s) 5.18.1

uname -a: Linux xackigiff-TUF-GAMING-FX504GM-FX80GM 6.8.0-41-generic #41-Ubuntu SMP PREEMPT_DYNAMIC Fri Aug  2 20:41:06 UTC 2024 x86_64
Zend version: 4.2.17
Composer libraries: 
- adhocore/json-comment 1.2.1@651023f9fe52e9efa2198cbaf6e481d1968e2377
- brick/math 0.12.1@f510c0a40911935b77b86859eb5223d58d660df1
- daverandom/callback-validator unknown@unknown
- nethergamesmc/bedrock-data dev-master@be507143e0ba406a6965c91631f496d77d687f7a
- nethergamesmc/bedrock-protocol dev-master@cea5a535189c38cd6b3a74c8559f33118f21ced5
- nethergamesmc/pocketmine-mp dev-master@5bb287048b53930d7bfc08f583db55e1c5bb2e01
- netresearch/jsonmapper unknown@unknown
- pocketmine/bedrock-block-upgrade-schema 4.3.0@53d3a41c37ce90d58b33130cdadad08e442d7c47
- pocketmine/bedrock-item-upgrade-schema 1.11.0@35c18d093fc2b12da8737b2edb2c3ad6a14a53dd
- pocketmine/binaryutils 0.2.6@ccfc1899b859d45814ea3592e20ebec4cb731c84
- pocketmine/callback-validator 1.0.3@64787469766bcaa7e5885242e85c23c25e8c55a2
- pocketmine/color 0.3.1@a0421f1e9e0b0c619300fb92d593283378f6a5e1
- pocketmine/errorhandler 0.7.0@cae94884368a74ece5294b9ff7fef18732dcd921
- pocketmine/locale-data 2.19.6@93e473e20e7f4515ecf45c5ef0f9155b9247a86e
- pocketmine/log 0.4.0@e6c912c0f9055c81d23108ec2d179b96f404c043
- pocketmine/math 1.0.0@dc132d93595b32e9f210d78b3c8d43c662a5edbf
- pocketmine/nbt 1.0.0@20540271cb59e04672cb163dca73366f207974f1
- pocketmine/netresearch-jsonmapper v4.4.999@9a6610033d56e358e86a3e4fd5f87063c7318833
- pocketmine/raklib 1.1.1@be2783be516bf6e2872ff5c81fb9048596617b97
- pocketmine/raklib-ipc 1.0.1@ce632ef2c6743e71eddb5dc329c49af6555f90bc
- pocketmine/snooze 0.5.0@a86d9ee60ce44755d166d3c7ba4b8b8be8360915
- ramsey/collection 2.0.0@a4b48764bfbb8f3a6a4d1aeb1a35bb5e9ecac4a5
- ramsey/uuid 4.7.6@91039bc1faa45ba123c4328958e620d382ec7088
- rhumsaa/uuid unknown@unknown
- symfony/filesystem v6.4.9@b51ef8059159330b74a4d52f68e671033c0fe463
- symfony/polyfill-ctype v1.30.0@0424dff1c58f028c451efff2045f5d92410bd540
- symfony/polyfill-mbstring v1.30.0@fd22ab50000ef01661e2a31d850ebaa297f8e03c

----------------------REPORT THE DATA BELOW THIS LINE-----------------------

===BEGIN CRASH DUMP===
eNrtXItv20aa/1dmlQCxbyWZb1FaOEgaO2mwceONnWuLKkiH5FBiLZEqH7bVRf/3+33fDClKdrrd
uwJ3ODQFLHE48833fs2o/xykRbmW9edbVVZZkQ9m3nBQZ2s1mNkTx5/6QTD1xmHgTZzpcNBs9Ctr
7E882/VCJwgCy/YDZzhYyao+L8uiHMz+Oai3G0wb8PP5faywDrCHg7WqKrmgV5dn72ezz5/jIq/q
sonro+OZ+KBkIopUhPbUEdG2VpVIZbZSibjL6qVQZZkXp44t3lZCiiQrVVwX5RZg02a1eo2JgHuy
LNbq5F7GN9kiS9OTi8vzkzN1e7WRsTrZrJpFllc0+JXMr7ZVrdYnVRmfbMriNktUeXL1j3dZrdxL
8zzeLDcEX8P+t5dj6SrLsdS1wdUSKAxmPwyeWIKo3RTxjarXeD+fK2LUUubJSpXzObPtuugY97V+
MZvpGUdZXotwKMC4LF/8MPE+iT+Omx3Y0Pkk/mhmDgWh7trHYMwTW/zbEI6wdEbEjp73iTUYB5NP
oimzGUlrdoJ//xr7z4ms5f7+J0ORQ52Gooh+AkvElcqrrM5u1aUs5VrVqvxPuWrUk8CxQnsoZFnK
7Q/2JybJ+R0k7WiZgJbvCLs32evX83l/yXzezp/PD3jwKOm+97uE9Qi5jLf7Zbz7A0eO9/tQbnGd
zbI8qzuK/8fI7nT+k6h+XhFbGH9PbNaELDOaF59c8sdXslJHtj39LbT7T6PnRX6eywhGxoD9LwG+
kDn8WHnk+d6BKetp4EGHwA7oVS1r9QpWvFBHkJ/iPYLeHleqhCM+sj0v/E2wZvvRc8Vw9eCR0djf
RekT35oaQ5w8goA1mR4goN/s71i1W34ZU034+xLypy1tj7cMe1te8toLrD1yff8Lu/Z1/pE962UJ
bzefX/PnlUzVK8Sj6l0haV+nM+b+mqbOVhWYIrP8XbEAN58EnX4503+hot1Md/I73STTPf0C3ZND
cVdaDtpRWr+9ww7Q6OISEUtCfgEBLNXPDfx6a3cTeHR6S76xXm/2143ozSiW8VKNrZPLi4tLlX7r
JtfjWpYH6FJQPB58QkRjbiMwEg8Hvw4H6n8r/v8h8fmQmv2BoQH/Octvi9WtWqu8xjuNRveWZvd2
x3hcJIpY4jh4J8y/Sq3S2ewpqE+zhTgVuboTr/jh6OlGgtaxeKZfjrfr1bOheTmbff/y4t3x3wDW
cQGOPr0e2KdJlQPaHvTR84Wqj5410KgRedQx5jzTIHwDIuiDKFhWFcD8QO8mvXf0j+UGNr69Pv/8
8vr6w+f3l+fffH797uWbK3H6fO81v/lw/vLs2w94HBK0sAftE+Mw1Ti4Vu9NXW7FP2nQPtjcEHb2
lWEZdjuaD/oxfz4A6zoWnjyjJxDcxnT9t6WRueD25fIrDbi9gVjW8fII+3RaLJ6qY42dd4Dd0xW7
kdHzuETCEMsVcJs3lmcr+uuF9NfVf23+K/mvJfi1rT98/mvpN/w34b9+73vYG4lFD6BeMGEQkX7h
PYCU6Nd6t7/wLDvt7crQvUlvJ73OmgnNXcUqdaFN+ehYc9E/5GJgBNtXoKf1MqtGz8k7QILzgYnh
8wGDCB8aCKy5lnlMs3ktz5v25m1kCTs88CQ0y2sVipDxSJHYpP/Mwf/Mwf/Mwf/Mwf/Mwf/Mwf9f
5OCGNMowgcx1Uaz4ey6pT7cbGg66Bt/AHtuTsf3XRN1iWDb1sigriok76OJayTVBl5uM3vhja2zR
s1Y85MRkOcNBojYqT2gx3lVFWp/1B9aS8+EWh/m8h82q4Mz66vrlh+uPlxi4UxFcPOG8rOtNBf4s
ECGbaBwX6x7dJx0MRPO9THtH9EECviMcRIztPZr7JNohXv43afxd5r4j+/L91fW37z+8O9sjfPAr
aNq0EY5FMn5EsRjH+5pCYqEF/6ooaX04diBZgITT3nteZdH9etUfKUBCVe0NbeJ9IMa394d+AaD+
M8fdREXNgpnrQEeGgyheI/vuT0MmDIYB8f7Ysslv2PodXuuOfRott5u6MAMODZhCcreuKfewTgpI
fuBYlmvbqCWGg58qFnU3gRKRLE+LgzEweG+k3vQfF8ne03rv5VJWe+RRhgrq9pZcXb7bE4C6Vask
MoRZWiSJSldaUMQ60st1pL1Ef+m6KGujvDazZL2FZHLazXwTu7k0kO0LNa/3+JUtoiyXKJpnA5fG
iOsqR42qt23RQ3q3ByYpPjPww0GtJP3Ry+W+oCvW32pv4Xq96WrrAGTRjpuiyu77s0pwlYW7G1GQ
Pin9otHstszaD+AkIku2L/lquS72BHeVrTcr9d3Fnmjq4kbl2S/76nBgLXgkbB/MuUOddzB4b7Sj
tYatZFAOHl2yoGzDDtiBDyYP9lNWf15zg4Dz3QG8ulFW0juVq1Kuep5tP1p880Y0eZGmWZzJFaoL
AWdDBoh0Z3ec0zo2jDfZClyzoATVZ3L+xsEhZayLuMA+E9vBrhm1NfwocsKJ5YWR705dK5lEaWyF
qR+6SeT7yo5pgrLsEYqWmlowjUHxXZY396KLkqPrj69Hb15evP3mzej1d77lvbnAZ2i9uRDBOBxb
I88eMZ1ZLJ7g+8eoyetGXF1cissP5+cXl9efz77/ButfiddlJl42CyEc4Vgzz55Zgfh4/QoPjifu
w+Bz4A2Yg3suS7GpeJ3uLTefi6rFkzwhPazMA2IN9FCVn2GepSwzxe5VJkvwp1Qn5FtGmGNaPzYB
fRH4tuW46TRVvqOmKpWOPQ3jSKaB8kI7sadBqBx3QptHoPLmxLhHKC8tT7E8tqSHtMyeun40mURh
EPpTFfmO4yZ+mASBlaQ2u3VIla3iBC51FYHHo1u5yuDuqesGEdzkxV3+wnxiRa7qpSoXkEy1jk8i
lZRQIO4CUedK3Y7WEoGpfBEp35rYnqusCJgEMpgGfjy1A9dOvWmQTCZJEE7SifwiyJ0O9cHGSvrS
d307nMZuGCdB5MqJF4e+P01dOOwwdexYJf4DsLssbMS+twfz9yqmhlmqSskyXrLo1nKzUY8zardh
R1K0or/NZlHC8kcVcrK1ZE2Ch3zhu4krPTt2J7GaWpBSBHpcK04k/rNC5XlOMom9yeOgM6pyHkCG
S4A7e+H6sR0mKAzS2IlsJ5HhxJ2ApCRyYlcmgbQ98DRJDkCzV+eAarxP8CKOU4CaTiOoU+L5oe0p
6fpTRzmWilTsxdHEtePQ24f0qGoBsbH7IvAm4cQLppMgiGIpJ8oPQ9/xHBX6sePGjq/C2PelcwCw
WDEMii32C2l5jp3asBQrsuIAOm9ZaTR1En/qOqGLLDwNJOS4D6Pfm2FQE3AqlmrqhaHnBiHUSsUw
wKkXTdN0kqrUBtucJE6mzgEoiBX5SGsEMMEpWDV1lTdxiTGT1PNtX8X4iH2VWunU9n3g501kGKhD
UDpmekBGBTAYJ8Z8y/djGL7j2lCE2EnsyTSaBqlnebHlufsQjC8g9lovktgGynACUz9y4UtgHdBv
qFYcJp4bB4EDxiRRug8ij+oOgmP5nuVM7DiCA7G8YOLEEaw4ieXEdYMgdVBSTrz0gCM9Oxnt2cmt
B9Km0+mLqQwCGzkW/FGgXD9UYSDBsTTxU9hi4MZQpBDC24dbyhudMEKzIflIOZPQhauxgwjOEVbs
pCmxCuKHPftT7DGJppPHgIyyTWyotOFWArAndeJgApc1sVUC009i15nG3hR+1/d9SCGK9wFVeVH8
orMtlDMvIM1kqlRgxTDWie8ndhAkIAQOMArxnwrdAD7Z50xkXakt6fEuy3CY35jrhZPAi9IoClNX
BtJLbKkiG3YWRT6UHMUczHUHpGkyHY8mpHW25U6j2E6l9PxI2rAhD0YwBYMDx0rc0FHxxApDWr5s
1pWU7fqHHqzartMi355QvluZimhwG5AAX0S+rdLQ8kHO1HWtaOIBT99JEZmCCXBwobbKC9wemE2x
2gLUatRm4Lf22CWSYb5ekqbws2FqOWHsEewUmuX5qQ9r82wrSqCFj8Hq5bctuDRxHBn5Fv7B2CAD
WznStZPQh4+S0plO0lBZbqxro06adCoCKE8EdQ6EPuhoSsn9eeKASItS7GVL8/yJuF5CzUWl6hpI
VEKWSiDqiCJXFb7IWsQyz4taREpkebxqEpXgi9B9gDFiHMyiRlJAsK6KtaLObv0QZiVTNRQFBbSK
QIoI2eON2BZNaWCJLBVI+7I04x2QXFDnd7UlwN+ouw7cCWoE2azqStwV+bNakGHKUqB+LeA56Ihh
tSUMqTWu6b5bqlzo0AIA43k+z1tgs3kuxJNvlxxpRV1gFxQPAGHaKOABsouKapJEv2ZUtb8U4OdK
1cwvROMsVkK7YxpZE2RwPFajlaTsfKFmIpWrStGLatnUCZR0ZA7/6BhBt5REvEK2lcwHjNnL1aq4
E6usImzbZqi4zaT4R6PKLc35mb6MzKuZoPyVl+oGl1kjgJegfE1AYmAKQUNybFhJ83WFP+pe95B9
8i0UFRoBvsokEfCLmv3EVjD8RqyVrJqST/8EmB4pQhrMUT83SMLBtkV2i7m31J8WR2ZT5KjHBF3v
qEal2qCsG4Ht1POa4TXv/U2zjsAVaNXLapvH17K6geDLG+jRmCd8BLdYtVtKadqyLPKigfQwvRrS
glUidO1A9jAUlNWCEKoHmDd3KqKxdZNDg2iKBn7F4gVN0LKyuM+gYQpsAEmsuXmHHPHWIPQ2JV2l
OaSTQ5HVz8A+Or/DUKJq6veRyhwsFkegoYHdOMwWJmNkKJ0xqENdlawcZZPnJM6E6uliw0LgsqYa
izN1a76LdbZYwphLlGLDvvEZxSGOlGWzqfWoZhgxBrW2MnSxcGGUnOwn2iDkbZElQPtxDEhHSOcK
MBraNe4pGqWvelKrs/N8rbDbVtvkm1URQXmouST0OMxgndVk2mu1kHxwNBZXmtMW8zarCDQvvyah
3WXMeFYo2OzdSANqdaxiAtMMGMIhAfmcYaWlUu2WWschrIasVCwKyKkgKyWloI0WjOaIUZsJi6jA
7uyBdTn/f54C6tb9Fv5LWSb/M/yrutgwCsZ7digZcJWA99jIitxeixDt2mKFWtIziLEP+JaNwuBX
PfsDMGSzYJTIYYi4KekEFYau7lXcsO8tNMraIClWdbPVfaxUUu0o0n7r/fX5TFx//fZKvHt78fZa
vLy8fPf2/Epcnn8Q377/8PfzD0OBSeL6PWadi2+/fv/uHPX9+1fnV1fjQw+wxw/HDww7LlWZFRyP
yQ9XRCAqJ/bIzI3O19rgPTKChF0LTxnBEyrtZRnUqyIHnfDP0Cai90vKppXsbkmBFTwhD6SnMWQN
BJ5358db48Ye7ymEUJjnBeOHs0kXTKsZYtuomLIBzVlCV8tVr+1ogHqpTbUj1bUMrdXx4ygZyl1D
+UKWESxjtEtl2QE9zl02NULHrBJmFVz3WuYN5x59TJCXNdDB42EbEg6VsFVDHV3TFLA0veudCY7F
e+3ytcIjeSiaVdLhkiGG3OVih3+lAW8YfRAaIJHUtGK31+wsHsRIVh0NoaMtLYt1G2v1ajNj1FfN
voSJGiPJB7ohHlGpPe24avNFElmJnUgNjSInzXqjkyudwQnzYkQvWnmd0SSzgHFnNFsK8IQoD2OX
jzAYMRtxDzvcQsmqqlGVvoxQqUWbbJLTot12WA1bQeoUweSUY40NTf0in9byfsTd/qrF/ZXc0Gi2
btYIsYiuJQHX9zwgSIRpuW1d546vZC+GlWwxD3UMufbGYMQbjigJbhBzvU5iZ4V+dajTlBqR19Pw
9eTWhDQsM7FPGScO+riuo+0MqHCqguyRuAfsdH6hoWwklSRCr9EU7qjDMsNPTU+7M03eJbvEwBVV
AQbub4P6LT2c56j8SWAzEyKQmS2Llc4wI7r4xIk4o1zRtRFhggz7Nl34mLc6tESqyzV1eHvSl1L7
itxqua0J+FCM7J4AWXi88ahukTEhgL32Lo3lAxXKIBNNOZUynOfTYgwatMbia6SC0KVTzu3Eq8uP
Q6wFDhHs6y5LoPacK2jv2cEfMfyZCNqse5eQV8ydfkqdNBxEOjujJiYQ4pewtjyG2eFRUGGVx7Ck
qEGSJLfQ/aSJ94xT0PngLh72dumXKPuC0obfm/pAUq2MVrJcsGuVpmJ8KLQ9b7liXwZXo0hGvJrT
qaW51NTxZPgQCSghFazQLrAYWYrie1SMsAZkkHqU2L70bYs9OhV59+TlKeOWq7EgoXy8zC/b2mNX
D1NpRRvdIY2ghc0m34zM80Gxd2G8UJX9ojquEWktyypKAEwKiSpGm0sv1fDaa13HY3H5L9jMO6al
XBAJYDVYUW1WnMFRtb0G8uT8ZEl6+2qVYZZuH9AVAlXV4uL6I2NagSQim/SI2hWs2rvtdK01bn3v
um5GtGrG2PbLZWgjnbey70sF9UmQGyKBb8ms8ZRm8Vhw1F5KSopEtgZvanKWkAb/dghuW+s0xHfL
SC+JE4hCHJiQskgOb8YkdGqFubWxWaJE6XaJcf2muDx7z0nj2durl18hX+T8ssnZfCmANRQ5+PBV
J00ZGae5nJv0y68dnTvfx6fWs7aGfS5sql1NCr+E++b3wnQsKt1jIUPJq0InM8ZD2ARMY62hvVoW
RcV9mLZ0VW1zgqMa9Z1FJW/b6ImvaqTfcU+619UAYnxCp5NY06L6qchy3R9hTj0T30XFPXnCUrw9
E0fffXx7dgy5ww0CB8y/g9hIMBkbNJe0ZWL4o9MxWEOxk10O8/vuq3ctfFPu9kae8WZ02seJFIvX
pGZMW9E2zExacQ/8RnTj4rRIU94W77J0O7pvsmQnEObnaL9Xdc3NJm1q+mdqmgcc+YxdNZVpepGb
rXXYMWtGes1MmOP3DiYyVTb7700coXoSmXO9ZXNbkD6mbFPyhmt9ue5SRNICagNoBTW4XV5QQlSZ
7kklRqHFBvEN68AbZtVa3igzo2tXklq06tvSiffs7oDjaGuqVJ0HmBhnWEOJDN1hawvNnGhdHeZT
w3bWbabuRl2W9VhTU2vEy3XRkMtLdcJiPCDk3OoDJWhUInA7CzpL3znDwuIPnG/1FrO0cqXbJ5HS
wAxzq428y9vAqaGzPdDwfuamyaeNOvIf7CRL4I3w1ZoZ9muxpM8OoHvQaONTPrLvKkuUMHtQF1dC
0asm6hOyoGQGM1SiUxh+6FIM7vgZpZRxrFaKKzZtVrzrKrvBFtSvYA+4kmDGoizu6qX2n9hCiqWG
1nOu0Jeq1qkRIzsitreojXYy0KS9Pat6dFF4IOFpaEKfHndkms5fm27qE88+nwFvBBRlVXVPWay6
71SV7QS0aznO2uA6FvJQn4wnvZMZtxoQ2XR6EVHrbNOsWhs2D5QN8BwTw1yHNuQalUjnnSj8kxtF
vmaqPxoxTdaZyUOpJ8ydDz2s0zhof0xRKV/swkWy88BkcSP6/cbBUOel9ofN5Y1eggHnNNLX2bqZ
SwhzplEZ00WYcVYwxvC72zVV7jDRmnrgcbVDnWKmeS9275kE9rlysSjVwrR7TW9Y98DowvvNIX2M
H3zI+7P3dEFxZCKUTlbIl94pXR5K/pUF7Vgx4jsCeGzcO5BB0tBxvtnQDTQtnAdMhUD1e6NhSMvo
UgUH1l7we0XnJqrfZ0WWudosJWxFUZgpCYe2aED4SlWJhHpE/i6nyEyz2jCqg5jc69qaGzK9uN+g
PEKaxR6zdUwGHMtYv293eCBTTVVfqHW23gUzkxgQUJpPOk+xi2RIzpk25Ha0WdQePYx3G5g3/R1a
vj1ol8ecblP7WpL60ClKL4HhJoAx+wR8zXU5JuisL2nbf2ZuVyVkC8SYNnNA+p02fN5BlkfIAveY
kudcUH3AWVqXB3BnvA+T0lTyobqEO1LjxZiJxINeNBRnpFv4VHU8Pu5lc1m+aeq+onwp4TKBUWuv
tvpec7PFBGHf6FDbxlyaQe3ry47+ll+CTK3UFGZpB4iuOTSlPgEkt9v29nQIAjzjptuEB0kxlYVa
dDoTq0wngjsIOsklWSYQUYka/pZP4fBNblrJCgNFE/DkpSBFp6yChjmboZqITjhpKRcKOtHuNINO
YgyQ4xaKfqSUBJadCJYec4EqoZICJTTmEAVMj1H6YH607U7vDk9hYWz0y56xaYNRGmMok7kGpLuH
GdvHD59QrVPQRIJ6BJ4qHYfJ2LN7tduZ58x7x8MzasPPBxppYlh7KihRlOqdI2V2To61CGjJDFu2
qL1qOdQK1Ewf6v6lznhb9ovvIStiNxwzb5kaO+y4pF1QRoGnwYyjlohjvRvl00NOFkinSGY0tSWQ
UCDe04VDlE1jVlKGQ+vImppKN2SrYq20LT9kikGFloA3Ral3npsr5DS8P0Wrg4woioofDrj7qSdC
OindyY9OcI2JMbCj6ljLLatZG43KU5mFWcYNYwPz7ZN+C69iJMIVkqRfAx3uS8XeDanOnk7rsgNF
eEN+HgiRm33KfSY6eGHUkLkAyXbOUDx12BHrgxtqqJPb0XjSea5MQDdQKTYA9Ambix+7YZCt7n8U
o+fiR7zmB153A0Ug7JsshsUAebmFON5SW1HnwzQB4OYDDZAfd7DMuh/FX/H90aU0dz74sUNSJ3fY
kh6I4KdOuytdViAfQDX8T01FuhwrzKKE+anzlxaFHRQGDo+H9C1PNEIMdX+4Q+234JvZf2FUO9FR
ObSTER0o8FWzrTiCrbO29DSIfzNXmYOobWeQ5rdOybER8VMYEAWSp09RzT996mj50U59+bUC7MYf
EeCw9/pHrU950UP3VPCFtB49RrNQhSyge5RoL/h6SE8NN5Tii5E4Wm43SLKOhUxr01jKULTda3Tr
DZsRkK1J2UYaWTNKvVAxsehDI4w5e0M6h+PzxaqHr90eZ5m+q9lae1lCAIB+bLndo8oUj1Qf35t7
GXteX5+akygBKil63gf5kWoJ2lkBG6+u3rsKv397Zj/I8NmTLioo21P1o3Wr0NhwxKT2KZ9ZIHPK
NitlOgWmfSjp+rfel8f1V0Ck9NSzdA2723EmXr97ea0HqTOp6Djyb+YO59Cf3sMd5Wro3tMV6CFX
SX8z7SB9P6V/0qMFQ9xG+DcHsbIx+eAKCUW8FfqnVU3Z1kNte7vsbrZwsk8CXsmYbw5VLZ9G7a0Y
+hWpdtyvOcvnrXj+HhBunonej/zMyEj/RnzXHdI/ldbyr8zJQHxDvdSK+70oOqJsRb0T/YvWVk/4
l7srXcHp9ERTyfDp1nhXJtFNsUOh0t2uy52I9a/f+YbTPH9yBe9AF8FdW1jWzLJnli8urv7OF8Hp
uhP/Wo1C2OnFq8tzSivHZSP0laN5vi7q5HTeWJacRBeX5zP9NXlVUDdR6Kf06JoqAb3kuINJKeSp
PbWpCDWHKnxMfepYXngBzV5mtRpR/Du1qKTLUfvGXXdPxstM6f9vQHVa0MUsbnXQ1Wmd953aAeDK
e7OgOrVtAkOqPUpXdKeFWmjtOplnazCwB2ldRPqRTiDoVwWEhb6W1Y0wADpgp3s4+mlzu+FVSUbd
XljO9hRq3JlBV+2etk06Zi1b0K5tp5LuNRURp/TTlnluUna+tnWqE18zVCLI6u3p25g8FiAmp//B
/0wdSZGfUUPGxXfBDU0Mb9yXhgbSG+hJ7DbgQbfbO9tgiPfe64ox+3vdSmpKmttsp2UDJzL49b8A
8nhFvQ==
===END CRASH DUMP===
